mode: atomic
github.com/alexandre-daubois/ember/internal/exporter/exporter.go:22.44,26.2 3 124
github.com/alexandre-daubois/ember/internal/exporter/exporter.go:28.42,32.2 3 129
github.com/alexandre-daubois/ember/internal/exporter/exporter.go:36.70,38.21 2 24
github.com/alexandre-daubois/ember/internal/exporter/exporter.go:38.21,40.3 1 2
github.com/alexandre-daubois/ember/internal/exporter/exporter.go:41.2,41.54 1 24
github.com/alexandre-daubois/ember/internal/exporter/exporter.go:41.54,43.23 2 24
github.com/alexandre-daubois/ember/internal/exporter/exporter.go:43.23,46.4 2 1
github.com/alexandre-daubois/ember/internal/exporter/exporter.go:48.3,56.32 8 23
github.com/alexandre-daubois/ember/internal/exporter/exporter.go:60.43,61.18 1 130
github.com/alexandre-daubois/ember/internal/exporter/exporter.go:61.18,63.3 1 114
github.com/alexandre-daubois/ember/internal/exporter/exporter.go:64.2,64.28 1 16
github.com/alexandre-daubois/ember/internal/exporter/exporter.go:67.79,70.15 3 23
github.com/alexandre-daubois/ember/internal/exporter/exporter.go:70.15,72.3 1 1
github.com/alexandre-daubois/ember/internal/exporter/exporter.go:74.2,79.57 6 23
github.com/alexandre-daubois/ember/internal/exporter/exporter.go:82.78,84.56 2 23
github.com/alexandre-daubois/ember/internal/exporter/exporter.go:84.56,85.24 1 10
github.com/alexandre-daubois/ember/internal/exporter/exporter.go:85.24,87.9 2 3
github.com/alexandre-daubois/ember/internal/exporter/exporter.go:90.2,90.16 1 23
github.com/alexandre-daubois/ember/internal/exporter/exporter.go:90.16,92.3 1 20
github.com/alexandre-daubois/ember/internal/exporter/exporter.go:94.2,97.56 4 3
github.com/alexandre-daubois/ember/internal/exporter/exporter.go:97.56,98.24 1 8
github.com/alexandre-daubois/ember/internal/exporter/exporter.go:98.24,100.4 1 5
github.com/alexandre-daubois/ember/internal/exporter/exporter.go:104.81,105.41 1 23
github.com/alexandre-daubois/ember/internal/exporter/exporter.go:105.41,107.3 1 18
github.com/alexandre-daubois/ember/internal/exporter/exporter.go:109.2,114.29 5 5
github.com/alexandre-daubois/ember/internal/exporter/exporter.go:114.29,117.3 2 10
github.com/alexandre-daubois/ember/internal/exporter/exporter.go:119.2,122.29 4 5
github.com/alexandre-daubois/ember/internal/exporter/exporter.go:122.29,125.3 2 10
github.com/alexandre-daubois/ember/internal/exporter/exporter.go:127.2,130.29 4 5
github.com/alexandre-daubois/ember/internal/exporter/exporter.go:130.29,133.3 2 10
github.com/alexandre-daubois/ember/internal/exporter/exporter.go:135.2,138.29 4 5
github.com/alexandre-daubois/ember/internal/exporter/exporter.go:138.29,141.3 2 10
github.com/alexandre-daubois/ember/internal/exporter/exporter.go:144.77,145.29 1 23
github.com/alexandre-daubois/ember/internal/exporter/exporter.go:145.29,147.3 1 15
github.com/alexandre-daubois/ember/internal/exporter/exporter.go:149.2,154.27 5 8
github.com/alexandre-daubois/ember/internal/exporter/exporter.go:154.27,156.3 1 16
github.com/alexandre-daubois/ember/internal/exporter/exporter.go:158.2,161.27 4 8
github.com/alexandre-daubois/ember/internal/exporter/exporter.go:161.27,163.3 1 16
github.com/alexandre-daubois/ember/internal/exporter/exporter.go:165.2,166.27 2 8
github.com/alexandre-daubois/ember/internal/exporter/exporter.go:166.27,167.24 1 15
github.com/alexandre-daubois/ember/internal/exporter/exporter.go:167.24,169.9 2 3
github.com/alexandre-daubois/ember/internal/exporter/exporter.go:172.2,172.20 1 8
github.com/alexandre-daubois/ember/internal/exporter/exporter.go:172.20,176.28 4 3
github.com/alexandre-daubois/ember/internal/exporter/exporter.go:176.28,177.26 1 4
github.com/alexandre-daubois/ember/internal/exporter/exporter.go:177.26,178.13 1 1
github.com/alexandre-daubois/ember/internal/exporter/exporter.go:180.4,184.78 5 3
github.com/alexandre-daubois/ember/internal/exporter/exporter.go:188.2,191.27 4 8
github.com/alexandre-daubois/ember/internal/exporter/exporter.go:191.27,193.3 1 16
github.com/alexandre-daubois/ember/internal/exporter/exporter.go:195.2,196.27 2 8
github.com/alexandre-daubois/ember/internal/exporter/exporter.go:196.27,197.30 1 15
github.com/alexandre-daubois/ember/internal/exporter/exporter.go:197.30,199.9 2 3
github.com/alexandre-daubois/ember/internal/exporter/exporter.go:202.2,202.15 1 8
github.com/alexandre-daubois/ember/internal/exporter/exporter.go:202.15,206.28 4 3
github.com/alexandre-daubois/ember/internal/exporter/exporter.go:206.28,209.59 3 4
github.com/alexandre-daubois/ember/internal/exporter/exporter.go:209.59,210.35 1 16
github.com/alexandre-daubois/ember/internal/exporter/exporter.go:210.35,212.6 1 8
github.com/alexandre-daubois/ember/internal/exporter/exporter.go:218.65,219.21 1 7
github.com/alexandre-daubois/ember/internal/exporter/exporter.go:219.21,221.3 1 3
github.com/alexandre-daubois/ember/internal/exporter/exporter.go:222.2,223.32 2 4
github.com/alexandre-daubois/ember/internal/exporter/exporter.go:223.32,224.10 1 13
github.com/alexandre-daubois/ember/internal/exporter/exporter.go:225.34,226.26 1 5
github.com/alexandre-daubois/ember/internal/exporter/exporter.go:227.34,228.26 1 1
github.com/alexandre-daubois/ember/internal/exporter/exporter.go:229.34,230.26 1 3
github.com/alexandre-daubois/ember/internal/exporter/exporter.go:231.34,232.26 1 4
github.com/alexandre-daubois/ember/internal/exporter/exporter.go:235.2,235.16 1 4
github.com/alexandre-daubois/ember/internal/exporter/exporter.go:238.69,241.59 3 10
github.com/alexandre-daubois/ember/internal/exporter/exporter.go:241.59,243.3 1 14
github.com/alexandre-daubois/ember/internal/exporter/exporter.go:244.2,244.15 1 10
github.com/alexandre-daubois/ember/internal/exporter/exporter.go:247.78,249.35 2 23
github.com/alexandre-daubois/ember/internal/exporter/exporter.go:249.35,250.23 1 14
github.com/alexandre-daubois/ember/internal/exporter/exporter.go:250.23,252.9 2 2
github.com/alexandre-daubois/ember/internal/exporter/exporter.go:255.2,255.16 1 23
github.com/alexandre-daubois/ember/internal/exporter/exporter.go:255.16,257.3 1 21
github.com/alexandre-daubois/ember/internal/exporter/exporter.go:259.2,262.52 4 2
github.com/alexandre-daubois/ember/internal/exporter/exporter.go:262.52,263.23 1 4
github.com/alexandre-daubois/ember/internal/exporter/exporter.go:263.23,265.4 1 3
github.com/alexandre-daubois/ember/internal/exporter/exporter.go:269.77,270.31 1 23
github.com/alexandre-daubois/ember/internal/exporter/exporter.go:270.31,272.3 1 20
github.com/alexandre-daubois/ember/internal/exporter/exporter.go:274.2,279.69 6 3
github.com/alexandre-daubois/ember/internal/exporter/exporter.go:282.80,292.2 8 23
github.com/alexandre-daubois/ember/internal/exporter/exporter.go:294.82,296.36 2 5
github.com/alexandre-daubois/ember/internal/exporter/exporter.go:296.36,298.3 1 5
github.com/alexandre-daubois/ember/internal/exporter/exporter.go:300.2,300.44 1 5
github.com/alexandre-daubois/ember/internal/exporter/exporter.go:300.44,301.54 1 5
github.com/alexandre-daubois/ember/internal/exporter/exporter.go:301.54,303.4 1 0
github.com/alexandre-daubois/ember/internal/exporter/exporter.go:306.2,306.54 1 5
github.com/alexandre-daubois/ember/internal/exporter/exporter.go:306.54,310.23 3 5
github.com/alexandre-daubois/ember/internal/exporter/exporter.go:310.23,314.4 3 2
github.com/alexandre-daubois/ember/internal/exporter/exporter.go:316.3,317.27 2 3
github.com/alexandre-daubois/ember/internal/exporter/exporter.go:317.27,325.4 3 1
github.com/alexandre-daubois/ember/internal/exporter/exporter.go:327.3,331.5 1 2
github.com/alexandre-daubois/ember/internal/exporter/exporter.go:335.40,340.2 4 102
github.com/alexandre-daubois/ember/internal/exporter/exporter.go:344.67,345.71 1 4
github.com/alexandre-daubois/ember/internal/exporter/exporter.go:345.71,347.130 2 4
github.com/alexandre-daubois/ember/internal/exporter/exporter.go:347.130,351.4 3 3
github.com/alexandre-daubois/ember/internal/exporter/exporter.go:352.3,352.23 1 1
github.com/alexandre-daubois/ember/internal/exporter/exporter.go:356.56,358.22 2 5
github.com/alexandre-daubois/ember/internal/exporter/exporter.go:358.22,360.3 1 10
github.com/alexandre-daubois/ember/internal/exporter/exporter.go:361.2,362.14 2 5
github.com/alexandre-daubois/ember/cmd/ember/main.go:12.13,13.54 1 0
github.com/alexandre-daubois/ember/cmd/ember/main.go:13.54,16.3 2 0
github.com/alexandre-daubois/ember/internal/app/daemon.go:24.61,26.55 2 7
github.com/alexandre-daubois/ember/internal/app/daemon.go:26.55,27.23 1 5
github.com/alexandre-daubois/ember/internal/app/daemon.go:27.23,29.4 1 1
github.com/alexandre-daubois/ember/internal/app/daemon.go:29.9,31.4 1 4
github.com/alexandre-daubois/ember/internal/app/daemon.go:32.3,33.19 2 5
github.com/alexandre-daubois/ember/internal/app/daemon.go:34.8,36.3 1 2
github.com/alexandre-daubois/ember/internal/app/daemon.go:39.51,40.15 1 2
github.com/alexandre-daubois/ember/internal/app/daemon.go:40.15,44.3 3 1
github.com/alexandre-daubois/ember/internal/app/daemon.go:47.66,49.9 2 3
github.com/alexandre-daubois/ember/internal/app/daemon.go:49.9,52.3 2 1
github.com/alexandre-daubois/ember/internal/app/daemon.go:53.2,53.46 1 2
github.com/alexandre-daubois/ember/internal/app/daemon.go:53.46,56.3 2 1
github.com/alexandre-daubois/ember/internal/app/daemon.go:57.2,57.48 1 1
github.com/alexandre-daubois/ember/internal/app/daemon.go:60.37,61.37 1 3
github.com/alexandre-daubois/ember/internal/app/daemon.go:61.37,63.3 1 1
github.com/alexandre-daubois/ember/internal/app/daemon.go:64.2,64.38 1 3
github.com/alexandre-daubois/ember/internal/app/daemon.go:67.75,79.27 9 0
github.com/alexandre-daubois/ember/internal/app/daemon.go:79.27,82.3 2 0
github.com/alexandre-daubois/ember/internal/app/daemon.go:83.2,85.12 2 0
github.com/alexandre-daubois/ember/internal/app/daemon.go:85.12,86.87 1 0
github.com/alexandre-daubois/ember/internal/app/daemon.go:86.87,88.4 1 0
github.com/alexandre-daubois/ember/internal/app/daemon.go:91.2,96.17 4 0
github.com/alexandre-daubois/ember/internal/app/daemon.go:96.17,98.17 2 0
github.com/alexandre-daubois/ember/internal/app/daemon.go:98.17,101.4 2 0
github.com/alexandre-daubois/ember/internal/app/daemon.go:102.3,104.38 3 0
github.com/alexandre-daubois/ember/internal/app/daemon.go:107.2,115.6 6 0
github.com/alexandre-daubois/ember/internal/app/daemon.go:115.6,116.10 1 0
github.com/alexandre-daubois/ember/internal/app/daemon.go:117.21,121.88 4 0
github.com/alexandre-daubois/ember/internal/app/daemon.go:121.88,123.5 1 0
github.com/alexandre-daubois/ember/internal/app/daemon.go:124.4,124.14 1 0
github.com/alexandre-daubois/ember/internal/app/daemon.go:125.19,126.10 1 0
github.com/alexandre-daubois/ember/internal/app/daemon.go:127.17,128.26 1 0
github.com/alexandre-daubois/ember/internal/app/daemon.go:129.19,130.26 1 0
github.com/alexandre-daubois/ember/internal/app/diff.go:15.34,31.55 1 37
github.com/alexandre-daubois/ember/internal/app/diff.go:31.55,33.4 1 0
github.com/alexandre-daubois/ember/internal/app/diff.go:37.63,39.16 2 14
github.com/alexandre-daubois/ember/internal/app/diff.go:39.16,41.3 1 3
github.com/alexandre-daubois/ember/internal/app/diff.go:42.2,43.16 2 11
github.com/alexandre-daubois/ember/internal/app/diff.go:43.16,45.3 1 1
github.com/alexandre-daubois/ember/internal/app/diff.go:47.2,50.22 3 10
github.com/alexandre-daubois/ember/internal/app/diff.go:50.22,52.3 1 5
github.com/alexandre-daubois/ember/internal/app/diff.go:53.2,53.12 1 5
github.com/alexandre-daubois/ember/internal/app/diff.go:56.52,58.16 2 25
github.com/alexandre-daubois/ember/internal/app/diff.go:58.16,60.3 1 1
github.com/alexandre-daubois/ember/internal/app/diff.go:61.2,61.15 1 24
github.com/alexandre-daubois/ember/internal/app/diff.go:61.15,61.32 1 24
github.com/alexandre-daubois/ember/internal/app/diff.go:63.2,64.16 2 24
github.com/alexandre-daubois/ember/internal/app/diff.go:64.16,66.3 1 0
github.com/alexandre-daubois/ember/internal/app/diff.go:67.2,67.22 1 24
github.com/alexandre-daubois/ember/internal/app/diff.go:67.22,69.3 1 1
github.com/alexandre-daubois/ember/internal/app/diff.go:71.2,72.56 2 23
github.com/alexandre-daubois/ember/internal/app/diff.go:72.56,74.3 1 2
github.com/alexandre-daubois/ember/internal/app/diff.go:75.2,75.17 1 21
github.com/alexandre-daubois/ember/internal/app/diff.go:97.55,103.16 3 10
github.com/alexandre-daubois/ember/internal/app/diff.go:103.16,107.60 4 5
github.com/alexandre-daubois/ember/internal/app/diff.go:107.60,109.4 1 1
github.com/alexandre-daubois/ember/internal/app/diff.go:113.2,114.95 2 10
github.com/alexandre-daubois/ember/internal/app/diff.go:114.95,118.3 3 2
github.com/alexandre-daubois/ember/internal/app/diff.go:119.2,125.32 6 10
github.com/alexandre-daubois/ember/internal/app/diff.go:125.32,127.3 1 5
github.com/alexandre-daubois/ember/internal/app/diff.go:128.2,129.33 2 10
github.com/alexandre-daubois/ember/internal/app/diff.go:129.33,131.3 1 5
github.com/alexandre-daubois/ember/internal/app/diff.go:133.2,134.33 2 10
github.com/alexandre-daubois/ember/internal/app/diff.go:134.33,136.3 1 5
github.com/alexandre-daubois/ember/internal/app/diff.go:137.2,137.32 1 10
github.com/alexandre-daubois/ember/internal/app/diff.go:137.32,139.3 1 5
github.com/alexandre-daubois/ember/internal/app/diff.go:141.2,142.26 2 10
github.com/alexandre-daubois/ember/internal/app/diff.go:142.26,144.3 1 6
github.com/alexandre-daubois/ember/internal/app/diff.go:145.2,147.35 2 10
github.com/alexandre-daubois/ember/internal/app/diff.go:147.35,152.17 4 6
github.com/alexandre-daubois/ember/internal/app/diff.go:152.17,156.38 4 2
github.com/alexandre-daubois/ember/internal/app/diff.go:156.38,158.5 1 1
github.com/alexandre-daubois/ember/internal/app/diff.go:160.3,163.27 3 6
github.com/alexandre-daubois/ember/internal/app/diff.go:163.27,164.22 1 13
github.com/alexandre-daubois/ember/internal/app/diff.go:164.22,166.5 1 5
github.com/alexandre-daubois/ember/internal/app/diff.go:168.3,168.16 1 6
github.com/alexandre-daubois/ember/internal/app/diff.go:168.16,170.4 1 3
github.com/alexandre-daubois/ember/internal/app/diff.go:173.2,173.29 1 10
github.com/alexandre-daubois/ember/internal/app/diff.go:173.29,174.19 1 68
github.com/alexandre-daubois/ember/internal/app/diff.go:174.19,176.4 1 4
github.com/alexandre-daubois/ember/internal/app/diff.go:178.2,178.28 1 10
github.com/alexandre-daubois/ember/internal/app/diff.go:178.28,179.29 1 3
github.com/alexandre-daubois/ember/internal/app/diff.go:179.29,180.20 1 7
github.com/alexandre-daubois/ember/internal/app/diff.go:180.20,182.5 1 1
github.com/alexandre-daubois/ember/internal/app/diff.go:186.2,186.10 1 10
github.com/alexandre-daubois/ember/internal/app/diff.go:189.95,197.27 3 88
github.com/alexandre-daubois/ember/internal/app/diff.go:197.27,200.3 2 65
github.com/alexandre-daubois/ember/internal/app/diff.go:202.2,202.17 1 23
github.com/alexandre-daubois/ember/internal/app/diff.go:202.17,204.31 2 4
github.com/alexandre-daubois/ember/internal/app/diff.go:204.31,206.4 1 3
github.com/alexandre-daubois/ember/internal/app/diff.go:207.3,207.11 1 4
github.com/alexandre-daubois/ember/internal/app/diff.go:210.2,213.14 3 19
github.com/alexandre-daubois/ember/internal/app/diff.go:213.14,215.3 1 9
github.com/alexandre-daubois/ember/internal/app/diff.go:216.2,219.36 3 19
github.com/alexandre-daubois/ember/internal/app/diff.go:219.36,221.3 1 3
github.com/alexandre-daubois/ember/internal/app/diff.go:222.2,222.38 1 19
github.com/alexandre-daubois/ember/internal/app/diff.go:222.38,224.3 1 2
github.com/alexandre-daubois/ember/internal/app/diff.go:226.2,226.10 1 19
github.com/alexandre-daubois/ember/internal/app/diff.go:229.47,230.12 1 179
github.com/alexandre-daubois/ember/internal/app/diff.go:230.12,232.3 1 104
github.com/alexandre-daubois/ember/internal/app/diff.go:233.2,233.15 1 75
github.com/alexandre-daubois/ember/internal/app/diff.go:233.15,235.3 1 3
github.com/alexandre-daubois/ember/internal/app/diff.go:236.2,236.39 1 72
github.com/alexandre-daubois/ember/internal/app/diff.go:239.38,245.22 4 10
github.com/alexandre-daubois/ember/internal/app/diff.go:245.22,247.29 2 3
github.com/alexandre-daubois/ember/internal/app/diff.go:247.29,250.4 2 3
github.com/alexandre-daubois/ember/internal/app/diff.go:253.2,253.22 1 10
github.com/alexandre-daubois/ember/internal/app/diff.go:253.22,255.3 1 5
github.com/alexandre-daubois/ember/internal/app/diff.go:255.8,257.3 1 5
github.com/alexandre-daubois/ember/internal/app/diff.go:259.2,259.19 1 10
github.com/alexandre-daubois/ember/internal/app/diff.go:262.59,263.26 1 13
github.com/alexandre-daubois/ember/internal/app/diff.go:263.26,265.19 2 75
github.com/alexandre-daubois/ember/internal/app/diff.go:265.19,267.4 1 5
github.com/alexandre-daubois/ember/internal/app/diff.go:268.3,268.95 1 75
github.com/alexandre-daubois/ember/internal/app/init.go:17.45,35.55 3 37
github.com/alexandre-daubois/ember/internal/app/init.go:35.55,42.47 6 0
github.com/alexandre-daubois/ember/internal/app/init.go:42.47,44.5 1 0
github.com/alexandre-daubois/ember/internal/app/init.go:46.4,47.13 2 0
github.com/alexandre-daubois/ember/internal/app/init.go:47.13,49.5 1 0
github.com/alexandre-daubois/ember/internal/app/init.go:50.4,50.54 1 0
github.com/alexandre-daubois/ember/internal/app/init.go:54.2,57.12 3 37
github.com/alexandre-daubois/ember/internal/app/init.go:66.118,69.45 2 9
github.com/alexandre-daubois/ember/internal/app/init.go:69.45,72.3 2 1
github.com/alexandre-daubois/ember/internal/app/init.go:73.2,76.22 3 8
github.com/alexandre-daubois/ember/internal/app/init.go:76.22,78.3 1 5
github.com/alexandre-daubois/ember/internal/app/init.go:78.8,80.3 1 3
github.com/alexandre-daubois/ember/internal/app/init.go:82.2,83.16 2 8
github.com/alexandre-daubois/ember/internal/app/init.go:83.16,85.3 1 0
github.com/alexandre-daubois/ember/internal/app/init.go:85.8,85.27 1 8
github.com/alexandre-daubois/ember/internal/app/init.go:85.27,87.3 1 5
github.com/alexandre-daubois/ember/internal/app/init.go:87.8,90.110 2 3
github.com/alexandre-daubois/ember/internal/app/init.go:90.110,93.4 2 1
github.com/alexandre-daubois/ember/internal/app/init.go:93.9,94.47 1 2
github.com/alexandre-daubois/ember/internal/app/init.go:94.47,97.5 2 0
github.com/alexandre-daubois/ember/internal/app/init.go:98.4,98.69 1 2
github.com/alexandre-daubois/ember/internal/app/init.go:102.2,104.12 3 8
github.com/alexandre-daubois/ember/internal/app/init.go:104.12,106.3 1 7
github.com/alexandre-daubois/ember/internal/app/init.go:106.8,110.33 3 1
github.com/alexandre-daubois/ember/internal/app/init.go:110.33,111.28 1 1
github.com/alexandre-daubois/ember/internal/app/init.go:111.28,113.5 1 1
github.com/alexandre-daubois/ember/internal/app/init.go:114.4,114.37 1 1
github.com/alexandre-daubois/ember/internal/app/init.go:114.37,116.22 2 1
github.com/alexandre-daubois/ember/internal/app/init.go:116.22,118.6 1 0
github.com/alexandre-daubois/ember/internal/app/init.go:119.5,119.102 1 1
github.com/alexandre-daubois/ember/internal/app/init.go:124.2,126.48 3 8
github.com/alexandre-daubois/ember/internal/app/init.go:126.48,128.3 1 5
github.com/alexandre-daubois/ember/internal/app/init.go:128.8,128.24 1 3
github.com/alexandre-daubois/ember/internal/app/init.go:128.24,130.3 1 3
github.com/alexandre-daubois/ember/internal/app/init.go:132.2,132.59 1 8
github.com/alexandre-daubois/ember/internal/app/init.go:132.59,134.3 1 1
github.com/alexandre-daubois/ember/internal/app/init.go:136.2,136.56 1 8
github.com/alexandre-daubois/ember/internal/app/init.go:136.56,142.3 1 1
github.com/alexandre-daubois/ember/internal/app/init.go:144.2,145.12 2 8
github.com/alexandre-daubois/ember/internal/app/init.go:148.43,150.11 2 47
github.com/alexandre-daubois/ember/internal/app/init.go:150.11,152.3 1 11
github.com/alexandre-daubois/ember/internal/app/init.go:153.2,153.20 1 47
github.com/alexandre-daubois/ember/internal/app/init.go:153.20,155.3 1 10
github.com/alexandre-daubois/ember/internal/app/init.go:155.8,157.3 1 37
github.com/alexandre-daubois/ember/internal/app/init.go:160.66,163.2 2 14
github.com/alexandre-daubois/ember/internal/app/init.go:165.78,166.13 1 9
github.com/alexandre-daubois/ember/internal/app/init.go:166.13,169.3 2 2
github.com/alexandre-daubois/ember/internal/app/init.go:170.2,172.21 3 7
github.com/alexandre-daubois/ember/internal/app/init.go:172.21,174.3 1 1
github.com/alexandre-daubois/ember/internal/app/init.go:175.2,176.57 2 6
github.com/alexandre-daubois/ember/internal/app/json.go:72.107,76.17 3 1
github.com/alexandre-daubois/ember/internal/app/json.go:76.17,78.17 2 1
github.com/alexandre-daubois/ember/internal/app/json.go:78.17,81.4 2 0
github.com/alexandre-daubois/ember/internal/app/json.go:82.3,83.48 2 1
github.com/alexandre-daubois/ember/internal/app/json.go:86.2,88.10 2 1
github.com/alexandre-daubois/ember/internal/app/json.go:88.10,90.3 1 1
github.com/alexandre-daubois/ember/internal/app/json.go:92.2,95.6 3 0
github.com/alexandre-daubois/ember/internal/app/json.go:95.6,96.10 1 0
github.com/alexandre-daubois/ember/internal/app/json.go:97.21,98.10 1 0
github.com/alexandre-daubois/ember/internal/app/json.go:99.19,100.10 1 0
github.com/alexandre-daubois/ember/internal/app/json.go:105.77,118.34 2 12
github.com/alexandre-daubois/ember/internal/app/json.go:118.34,122.3 3 1
github.com/alexandre-daubois/ember/internal/app/json.go:123.2,123.39 1 12
github.com/alexandre-daubois/ember/internal/app/json.go:123.39,134.24 2 9
github.com/alexandre-daubois/ember/internal/app/json.go:134.24,139.4 4 1
github.com/alexandre-daubois/ember/internal/app/json.go:140.3,140.17 1 9
github.com/alexandre-daubois/ember/internal/app/json.go:140.17,145.4 4 1
github.com/alexandre-daubois/ember/internal/app/json.go:146.3,146.36 1 9
github.com/alexandre-daubois/ember/internal/app/json.go:149.2,151.12 2 12
github.com/alexandre-daubois/ember/internal/app/json.go:154.68,156.40 2 12
github.com/alexandre-daubois/ember/internal/app/json.go:156.40,170.3 1 0
github.com/alexandre-daubois/ember/internal/app/json.go:171.2,174.3 1 12
github.com/alexandre-daubois/ember/internal/app/json.go:177.39,179.38 2 12
github.com/alexandre-daubois/ember/internal/app/json.go:179.38,182.3 2 1
github.com/alexandre-daubois/ember/internal/app/json.go:185.83,187.28 2 14
github.com/alexandre-daubois/ember/internal/app/json.go:187.28,188.62 1 2
github.com/alexandre-daubois/ember/internal/app/json.go:188.62,189.12 1 1
github.com/alexandre-daubois/ember/internal/app/json.go:191.3,191.27 1 1
github.com/alexandre-daubois/ember/internal/app/json.go:193.2,193.14 1 14
github.com/alexandre-daubois/ember/internal/app/run.go:38.48,72.68 2 37
github.com/alexandre-daubois/ember/internal/app/run.go:72.68,74.45 2 12
github.com/alexandre-daubois/ember/internal/app/run.go:74.45,76.5 1 1
github.com/alexandre-daubois/ember/internal/app/run.go:77.4,78.25 2 12
github.com/alexandre-daubois/ember/internal/app/run.go:80.55,87.16 6 0
github.com/alexandre-daubois/ember/internal/app/run.go:87.16,89.19 2 0
github.com/alexandre-daubois/ember/internal/app/run.go:89.19,91.52 2 0
github.com/alexandre-daubois/ember/internal/app/run.go:91.52,93.7 1 0
github.com/alexandre-daubois/ember/internal/app/run.go:95.5,95.19 1 0
github.com/alexandre-daubois/ember/internal/app/run.go:95.19,97.6 1 0
github.com/alexandre-daubois/ember/internal/app/run.go:100.4,101.48 2 0
github.com/alexandre-daubois/ember/internal/app/run.go:101.48,103.5 1 0
github.com/alexandre-daubois/ember/internal/app/run.go:104.4,107.11 3 0
github.com/alexandre-daubois/ember/internal/app/run.go:108.22,109.56 1 0
github.com/alexandre-daubois/ember/internal/app/run.go:110.20,111.35 1 0
github.com/alexandre-daubois/ember/internal/app/run.go:112.12,113.51 1 0
github.com/alexandre-daubois/ember/internal/app/run.go:115.4,115.14 1 0
github.com/alexandre-daubois/ember/internal/app/run.go:119.2,147.12 26 37
github.com/alexandre-daubois/ember/internal/app/run.go:150.47,154.2 3 11
github.com/alexandre-daubois/ember/internal/app/run.go:156.110,157.17 1 3
github.com/alexandre-daubois/ember/internal/app/run.go:157.17,159.3 1 2
github.com/alexandre-daubois/ember/internal/app/run.go:160.2,160.24 1 1
github.com/alexandre-daubois/ember/internal/app/run.go:160.25,160.26 0 1
github.com/alexandre-daubois/ember/internal/app/run.go:163.62,170.16 2 3
github.com/alexandre-daubois/ember/internal/app/run.go:170.16,172.3 1 1
github.com/alexandre-daubois/ember/internal/app/run.go:173.2,173.19 1 2
github.com/alexandre-daubois/ember/internal/app/run.go:173.19,175.3 1 0
github.com/alexandre-daubois/ember/internal/app/run.go:176.2,176.12 1 2
github.com/alexandre-daubois/ember/internal/app/run.go:179.30,180.23 1 15
github.com/alexandre-daubois/ember/internal/app/run.go:181.14,182.61 1 1
github.com/alexandre-daubois/ember/internal/app/run.go:183.10,184.61 1 14
github.com/alexandre-daubois/ember/internal/app/run.go:196.34,197.37 1 19
github.com/alexandre-daubois/ember/internal/app/run.go:197.37,199.28 2 95
github.com/alexandre-daubois/ember/internal/app/run.go:199.28,200.12 1 30
github.com/alexandre-daubois/ember/internal/app/run.go:202.3,202.39 1 65
github.com/alexandre-daubois/ember/internal/app/run.go:202.39,204.4 1 5
github.com/alexandre-daubois/ember/internal/app/run.go:210.34,211.36 1 28
github.com/alexandre-daubois/ember/internal/app/run.go:211.36,213.3 1 2
github.com/alexandre-daubois/ember/internal/app/run.go:214.2,214.31 1 26
github.com/alexandre-daubois/ember/internal/app/run.go:214.31,216.3 1 2
github.com/alexandre-daubois/ember/internal/app/run.go:217.2,217.28 1 24
github.com/alexandre-daubois/ember/internal/app/run.go:217.28,219.3 1 1
github.com/alexandre-daubois/ember/internal/app/run.go:220.2,220.32 1 23
github.com/alexandre-daubois/ember/internal/app/run.go:220.32,222.3 1 3
github.com/alexandre-daubois/ember/internal/app/run.go:223.2,223.89 1 20
github.com/alexandre-daubois/ember/internal/app/run.go:223.89,225.3 1 3
github.com/alexandre-daubois/ember/internal/app/run.go:226.2,226.27 1 17
github.com/alexandre-daubois/ember/internal/app/run.go:226.27,227.46 1 3
github.com/alexandre-daubois/ember/internal/app/run.go:227.46,229.4 1 1
github.com/alexandre-daubois/ember/internal/app/run.go:230.3,230.23 1 2
github.com/alexandre-daubois/ember/internal/app/run.go:230.23,232.4 1 1
github.com/alexandre-daubois/ember/internal/app/run.go:234.2,234.12 1 15
github.com/alexandre-daubois/ember/internal/app/signal_unix.go:16.36,20.2 3 1
github.com/alexandre-daubois/ember/internal/app/signal_unix.go:23.38,27.2 3 0
github.com/alexandre-daubois/ember/internal/app/signal_unix.go:29.54,30.26 1 2
github.com/alexandre-daubois/ember/internal/app/signal_unix.go:30.26,33.3 2 1
github.com/alexandre-daubois/ember/internal/app/signal_unix.go:35.2,37.16 3 1
github.com/alexandre-daubois/ember/internal/app/signal_unix.go:37.16,40.3 2 0
github.com/alexandre-daubois/ember/internal/app/signal_unix.go:42.2,42.57 1 1
github.com/alexandre-daubois/ember/internal/app/status.go:19.47,35.55 2 37
github.com/alexandre-daubois/ember/internal/app/status.go:35.55,42.16 6 1
github.com/alexandre-daubois/ember/internal/app/status.go:42.16,44.19 2 1
github.com/alexandre-daubois/ember/internal/app/status.go:44.19,46.6 1 0
github.com/alexandre-daubois/ember/internal/app/status.go:47.5,47.19 1 1
github.com/alexandre-daubois/ember/internal/app/status.go:50.4,51.47 2 1
github.com/alexandre-daubois/ember/internal/app/status.go:51.47,53.5 1 0
github.com/alexandre-daubois/ember/internal/app/status.go:54.4,54.83 1 1
github.com/alexandre-daubois/ember/internal/app/status.go:58.2,60.12 2 37
github.com/alexandre-daubois/ember/internal/app/status.go:63.132,68.24 4 6
github.com/alexandre-daubois/ember/internal/app/status.go:68.24,69.15 1 3
github.com/alexandre-daubois/ember/internal/app/status.go:69.15,71.4 1 1
github.com/alexandre-daubois/ember/internal/app/status.go:71.9,73.4 1 2
github.com/alexandre-daubois/ember/internal/app/status.go:74.3,74.53 1 3
github.com/alexandre-daubois/ember/internal/app/status.go:77.2,80.9 3 3
github.com/alexandre-daubois/ember/internal/app/status.go:81.20,82.19 1 1
github.com/alexandre-daubois/ember/internal/app/status.go:83.30,83.30 0 2
github.com/alexandre-daubois/ember/internal/app/status.go:86.2,89.14 3 2
github.com/alexandre-daubois/ember/internal/app/status.go:89.14,91.3 1 1
github.com/alexandre-daubois/ember/internal/app/status.go:92.2,93.12 2 1
github.com/alexandre-daubois/ember/internal/app/status.go:114.73,126.22 4 4
github.com/alexandre-daubois/ember/internal/app/status.go:126.22,128.3 1 1
github.com/alexandre-daubois/ember/internal/app/status.go:129.2,129.29 1 4
github.com/alexandre-daubois/ember/internal/app/status.go:129.29,131.3 1 3
github.com/alexandre-daubois/ember/internal/app/status.go:132.2,132.19 1 4
github.com/alexandre-daubois/ember/internal/app/status.go:132.19,139.3 2 1
github.com/alexandre-daubois/ember/internal/app/status.go:141.2,141.10 1 4
github.com/alexandre-daubois/ember/internal/app/status.go:144.47,145.17 1 24
github.com/alexandre-daubois/ember/internal/app/status.go:145.17,147.3 1 1
github.com/alexandre-daubois/ember/internal/app/status.go:148.2,151.35 1 23
github.com/alexandre-daubois/ember/internal/app/status.go:154.70,160.57 4 7
github.com/alexandre-daubois/ember/internal/app/status.go:160.57,162.3 1 6
github.com/alexandre-daubois/ember/internal/app/status.go:164.2,166.22 2 7
github.com/alexandre-daubois/ember/internal/app/status.go:166.22,168.3 1 1
github.com/alexandre-daubois/ember/internal/app/status.go:170.2,173.29 3 7
github.com/alexandre-daubois/ember/internal/app/status.go:173.29,175.3 1 5
github.com/alexandre-daubois/ember/internal/app/status.go:177.2,177.19 1 7
github.com/alexandre-daubois/ember/internal/app/status.go:177.19,180.64 3 1
github.com/alexandre-daubois/ember/internal/app/status.go:180.64,182.4 1 1
github.com/alexandre-daubois/ember/internal/app/status.go:183.3,183.32 1 1
github.com/alexandre-daubois/ember/internal/app/status.go:186.2,186.35 1 7
github.com/alexandre-daubois/ember/internal/app/status.go:189.35,191.16 2 10
github.com/alexandre-daubois/ember/internal/app/status.go:191.16,193.3 1 1
github.com/alexandre-daubois/ember/internal/app/status.go:194.2,194.34 1 9
github.com/alexandre-daubois/ember/internal/app/tui.go:18.87,28.22 3 0
github.com/alexandre-daubois/ember/internal/app/tui.go:28.22,30.45 2 0
github.com/alexandre-daubois/ember/internal/app/tui.go:30.45,32.4 1 0
github.com/alexandre-daubois/ember/internal/app/tui.go:34.3,39.28 5 0
github.com/alexandre-daubois/ember/internal/app/tui.go:39.28,42.4 2 0
github.com/alexandre-daubois/ember/internal/app/tui.go:43.3,46.13 3 0
github.com/alexandre-daubois/ember/internal/app/tui.go:46.13,47.88 1 0
github.com/alexandre-daubois/ember/internal/app/tui.go:47.88,49.5 1 0
github.com/alexandre-daubois/ember/internal/app/tui.go:52.3,52.10 1 0
github.com/alexandre-daubois/ember/internal/app/tui.go:53.27,54.14 1 0
github.com/alexandre-daubois/ember/internal/app/tui.go:55.44,55.44 0 0
github.com/alexandre-daubois/ember/internal/app/tui.go:58.3,58.37 1 0
github.com/alexandre-daubois/ember/internal/app/tui.go:61.2,63.35 3 0
github.com/alexandre-daubois/ember/internal/app/tui.go:63.35,65.3 1 0
github.com/alexandre-daubois/ember/internal/app/tui.go:67.2,67.16 1 0
github.com/alexandre-daubois/ember/internal/app/tui.go:67.16,71.3 3 0
github.com/alexandre-daubois/ember/internal/app/tui.go:73.2,73.12 1 0
github.com/alexandre-daubois/ember/internal/app/version.go:15.51,25.55 2 37
github.com/alexandre-daubois/ember/internal/app/version.go:25.55,28.14 2 2
github.com/alexandre-daubois/ember/internal/app/version.go:28.14,30.5 1 2
github.com/alexandre-daubois/ember/internal/app/version.go:32.4,35.62 3 0
github.com/alexandre-daubois/ember/internal/app/version.go:39.2,41.12 2 37
github.com/alexandre-daubois/ember/internal/app/version.go:46.38,46.64 1 10
github.com/alexandre-daubois/ember/internal/app/version.go:53.81,55.16 2 5
github.com/alexandre-daubois/ember/internal/app/version.go:55.16,57.3 1 1
github.com/alexandre-daubois/ember/internal/app/version.go:59.2,62.33 3 4
github.com/alexandre-daubois/ember/internal/app/version.go:62.33,65.3 2 2
github.com/alexandre-daubois/ember/internal/app/version.go:68.2,68.44 1 2
github.com/alexandre-daubois/ember/internal/app/version.go:68.44,71.3 2 1
github.com/alexandre-daubois/ember/internal/app/version.go:73.2,74.12 2 1
github.com/alexandre-daubois/ember/internal/app/version.go:77.69,79.16 2 5
github.com/alexandre-daubois/ember/internal/app/version.go:79.16,81.3 1 0
github.com/alexandre-daubois/ember/internal/app/version.go:82.2,85.16 3 5
github.com/alexandre-daubois/ember/internal/app/version.go:85.16,87.3 1 0
github.com/alexandre-daubois/ember/internal/app/version.go:88.2,88.15 1 5
github.com/alexandre-daubois/ember/internal/app/version.go:88.15,88.40 1 5
github.com/alexandre-daubois/ember/internal/app/version.go:90.2,90.38 1 5
github.com/alexandre-daubois/ember/internal/app/version.go:90.38,92.3 1 1
github.com/alexandre-daubois/ember/internal/app/version.go:94.2,95.68 2 4
github.com/alexandre-daubois/ember/internal/app/version.go:95.68,97.3 1 0
github.com/alexandre-daubois/ember/internal/app/version.go:98.2,98.21 1 4
github.com/alexandre-daubois/ember/internal/app/wait.go:16.45,32.55 2 37
github.com/alexandre-daubois/ember/internal/app/wait.go:32.55,39.47 6 0
github.com/alexandre-daubois/ember/internal/app/wait.go:39.47,41.5 1 0
github.com/alexandre-daubois/ember/internal/app/wait.go:43.4,44.13 2 0
github.com/alexandre-daubois/ember/internal/app/wait.go:44.13,46.5 1 0
github.com/alexandre-daubois/ember/internal/app/wait.go:47.4,47.53 1 0
github.com/alexandre-daubois/ember/internal/app/wait.go:51.2,53.12 2 37
github.com/alexandre-daubois/ember/internal/app/wait.go:56.115,58.23 2 6
github.com/alexandre-daubois/ember/internal/app/wait.go:58.23,61.3 2 3
github.com/alexandre-daubois/ember/internal/app/wait.go:63.2,68.6 4 3
github.com/alexandre-daubois/ember/internal/app/wait.go:68.6,69.10 1 8
github.com/alexandre-daubois/ember/internal/app/wait.go:70.21,71.62 1 2
github.com/alexandre-daubois/ember/internal/app/wait.go:72.19,74.25 2 6
github.com/alexandre-daubois/ember/internal/app/wait.go:74.25,77.5 2 1
github.com/alexandre-daubois/ember/internal/model/percentiles.go:23.68,24.17 1 56
github.com/alexandre-daubois/ember/internal/model/percentiles.go:24.17,26.3 1 1
github.com/alexandre-daubois/ember/internal/model/percentiles.go:27.2,27.43 1 56
github.com/alexandre-daubois/ember/internal/model/percentiles.go:30.71,31.21 1 135
github.com/alexandre-daubois/ember/internal/model/percentiles.go:31.21,33.3 1 3
github.com/alexandre-daubois/ember/internal/model/percentiles.go:34.2,35.73 2 132
github.com/alexandre-daubois/ember/internal/model/percentiles.go:38.90,41.12 3 85
github.com/alexandre-daubois/ember/internal/model/percentiles.go:41.12,43.3 1 78
github.com/alexandre-daubois/ember/internal/model/percentiles.go:45.2,46.31 2 7
github.com/alexandre-daubois/ember/internal/model/percentiles.go:46.31,48.3 1 117
github.com/alexandre-daubois/ember/internal/model/percentiles.go:49.2,54.28 5 7
github.com/alexandre-daubois/ember/internal/model/percentiles.go:57.55,60.2 2 6
github.com/alexandre-daubois/ember/internal/model/percentiles.go:62.38,64.2 1 5
github.com/alexandre-daubois/ember/internal/model/percentiles.go:66.50,69.61 3 223
github.com/alexandre-daubois/ember/internal/model/percentiles.go:69.61,71.3 1 12
github.com/alexandre-daubois/ember/internal/model/percentiles.go:72.2,72.11 1 223
github.com/alexandre-daubois/ember/internal/model/percentiles.go:72.11,74.3 1 2
github.com/alexandre-daubois/ember/internal/model/percentiles.go:77.59,79.12 2 24
github.com/alexandre-daubois/ember/internal/model/percentiles.go:79.12,81.3 1 0
github.com/alexandre-daubois/ember/internal/model/percentiles.go:82.2,82.12 1 24
github.com/alexandre-daubois/ember/internal/model/percentiles.go:82.12,84.3 1 12
github.com/alexandre-daubois/ember/internal/model/percentiles.go:85.2,88.16 4 12
github.com/alexandre-daubois/ember/internal/model/percentiles.go:88.16,90.3 1 1
github.com/alexandre-daubois/ember/internal/model/percentiles.go:91.2,92.52 2 11
github.com/alexandre-daubois/ember/internal/model/percentiles.go:99.103,101.21 2 10
github.com/alexandre-daubois/ember/internal/model/percentiles.go:101.21,103.3 1 1
github.com/alexandre-daubois/ember/internal/model/percentiles.go:105.2,110.50 5 9
github.com/alexandre-daubois/ember/internal/model/percentiles.go:110.50,111.40 1 30
github.com/alexandre-daubois/ember/internal/model/percentiles.go:111.40,113.4 1 2
github.com/alexandre-daubois/ember/internal/model/percentiles.go:117.2,117.61 1 7
github.com/alexandre-daubois/ember/internal/model/percentiles.go:121.86,122.20 1 13
github.com/alexandre-daubois/ember/internal/model/percentiles.go:122.20,124.3 1 1
github.com/alexandre-daubois/ember/internal/model/percentiles.go:125.2,125.20 1 12
github.com/alexandre-daubois/ember/internal/model/percentiles.go:125.20,127.3 1 2
github.com/alexandre-daubois/ember/internal/model/percentiles.go:129.2,130.25 2 10
github.com/alexandre-daubois/ember/internal/model/percentiles.go:130.25,132.3 1 29
github.com/alexandre-daubois/ember/internal/model/percentiles.go:134.2,135.25 2 10
github.com/alexandre-daubois/ember/internal/model/percentiles.go:135.25,137.12 2 30
github.com/alexandre-daubois/ember/internal/model/percentiles.go:137.12,139.4 1 1
github.com/alexandre-daubois/ember/internal/model/percentiles.go:140.3,143.5 1 30
github.com/alexandre-daubois/ember/internal/model/percentiles.go:145.2,145.14 1 10
github.com/alexandre-daubois/ember/internal/model/percentiles.go:150.78,151.23 1 38
github.com/alexandre-daubois/ember/internal/model/percentiles.go:151.23,153.3 1 0
github.com/alexandre-daubois/ember/internal/model/percentiles.go:155.2,156.16 2 38
github.com/alexandre-daubois/ember/internal/model/percentiles.go:156.16,158.3 1 8
github.com/alexandre-daubois/ember/internal/model/percentiles.go:160.2,163.28 2 30
github.com/alexandre-daubois/ember/internal/model/percentiles.go:163.28,164.31 1 72
github.com/alexandre-daubois/ember/internal/model/percentiles.go:164.31,165.12 1 42
github.com/alexandre-daubois/ember/internal/model/percentiles.go:169.3,171.12 3 30
github.com/alexandre-daubois/ember/internal/model/percentiles.go:171.12,174.4 2 26
github.com/alexandre-daubois/ember/internal/model/percentiles.go:177.3,177.34 1 30
github.com/alexandre-daubois/ember/internal/model/percentiles.go:177.34,179.4 1 5
github.com/alexandre-daubois/ember/internal/model/percentiles.go:182.3,183.23 2 25
github.com/alexandre-daubois/ember/internal/model/percentiles.go:183.23,185.4 1 0
github.com/alexandre-daubois/ember/internal/model/percentiles.go:187.3,187.78 1 25
github.com/alexandre-daubois/ember/internal/model/percentiles.go:190.2,190.43 1 0
github.com/alexandre-daubois/ember/internal/model/state.go:28.36,29.11 1 8
github.com/alexandre-daubois/ember/internal/model/state.go:30.19,31.17 1 1
github.com/alexandre-daubois/ember/internal/model/state.go:32.20,33.18 1 1
github.com/alexandre-daubois/ember/internal/model/state.go:34.17,35.15 1 1
github.com/alexandre-daubois/ember/internal/model/state.go:36.18,37.16 1 1
github.com/alexandre-daubois/ember/internal/model/state.go:38.20,39.18 1 1
github.com/alexandre-daubois/ember/internal/model/state.go:40.22,41.20 1 1
github.com/alexandre-daubois/ember/internal/model/state.go:42.10,43.17 1 2
github.com/alexandre-daubois/ember/internal/model/state.go:47.37,48.35 1 22
github.com/alexandre-daubois/ember/internal/model/state.go:48.35,49.13 1 91
github.com/alexandre-daubois/ember/internal/model/state.go:49.13,51.4 1 21
github.com/alexandre-daubois/ember/internal/model/state.go:53.2,53.20 1 1
github.com/alexandre-daubois/ember/internal/model/state.go:56.37,57.35 1 22
github.com/alexandre-daubois/ember/internal/model/state.go:57.35,58.13 1 91
github.com/alexandre-daubois/ember/internal/model/state.go:58.13,60.4 1 21
github.com/alexandre-daubois/ember/internal/model/state.go:62.2,62.20 1 1
github.com/alexandre-daubois/ember/internal/model/state.go:82.40,83.11 1 7
github.com/alexandre-daubois/ember/internal/model/state.go:84.21,85.15 1 1
github.com/alexandre-daubois/ember/internal/model/state.go:86.21,87.15 1 1
github.com/alexandre-daubois/ember/internal/model/state.go:88.26,89.21 1 1
github.com/alexandre-daubois/ember/internal/model/state.go:90.21,91.15 1 1
github.com/alexandre-daubois/ember/internal/model/state.go:92.21,93.15 1 1
github.com/alexandre-daubois/ember/internal/model/state.go:94.21,95.15 1 1
github.com/alexandre-daubois/ember/internal/model/state.go:96.10,97.16 1 1
github.com/alexandre-daubois/ember/internal/model/state.go:101.45,102.39 1 22
github.com/alexandre-daubois/ember/internal/model/state.go:102.39,103.13 1 91
github.com/alexandre-daubois/ember/internal/model/state.go:103.13,105.4 1 21
github.com/alexandre-daubois/ember/internal/model/state.go:107.2,107.19 1 1
github.com/alexandre-daubois/ember/internal/model/state.go:110.45,111.39 1 15
github.com/alexandre-daubois/ember/internal/model/state.go:111.39,112.13 1 63
github.com/alexandre-daubois/ember/internal/model/state.go:112.13,114.4 1 14
github.com/alexandre-daubois/ember/internal/model/state.go:116.2,116.19 1 1
github.com/alexandre-daubois/ember/internal/model/state.go:158.36,159.26 1 2
github.com/alexandre-daubois/ember/internal/model/state.go:159.26,161.3 1 1
github.com/alexandre-daubois/ember/internal/model/state.go:165.39,169.22 4 10
github.com/alexandre-daubois/ember/internal/model/state.go:169.22,174.34 5 10
github.com/alexandre-daubois/ember/internal/model/state.go:174.34,176.43 2 10
github.com/alexandre-daubois/ember/internal/model/state.go:176.43,179.5 2 1
github.com/alexandre-daubois/ember/internal/model/state.go:180.4,180.34 1 10
github.com/alexandre-daubois/ember/internal/model/state.go:182.3,182.32 1 10
github.com/alexandre-daubois/ember/internal/model/state.go:182.32,184.41 2 2
github.com/alexandre-daubois/ember/internal/model/state.go:184.41,186.29 2 2
github.com/alexandre-daubois/ember/internal/model/state.go:186.29,189.6 2 2
github.com/alexandre-daubois/ember/internal/model/state.go:190.5,190.25 1 2
github.com/alexandre-daubois/ember/internal/model/state.go:190.25,193.6 2 1
github.com/alexandre-daubois/ember/internal/model/state.go:194.5,196.19 3 2
github.com/alexandre-daubois/ember/internal/model/state.go:198.4,198.30 1 2
github.com/alexandre-daubois/ember/internal/model/state.go:200.3,200.21 1 10
github.com/alexandre-daubois/ember/internal/model/state.go:202.2,202.26 1 10
github.com/alexandre-daubois/ember/internal/model/state.go:202.26,204.36 2 4
github.com/alexandre-daubois/ember/internal/model/state.go:204.36,206.29 2 4
github.com/alexandre-daubois/ember/internal/model/state.go:206.29,209.5 2 1
github.com/alexandre-daubois/ember/internal/model/state.go:210.4,210.29 1 4
github.com/alexandre-daubois/ember/internal/model/state.go:210.29,213.5 2 1
github.com/alexandre-daubois/ember/internal/model/state.go:216.2,216.11 1 10
github.com/alexandre-daubois/ember/internal/model/state.go:219.48,220.26 1 80
github.com/alexandre-daubois/ember/internal/model/state.go:220.26,222.3 1 48
github.com/alexandre-daubois/ember/internal/model/state.go:224.2,224.32 1 80
github.com/alexandre-daubois/ember/internal/model/state.go:224.32,231.3 6 3
github.com/alexandre-daubois/ember/internal/model/state.go:233.2,237.40 5 77
github.com/alexandre-daubois/ember/internal/model/state.go:243.65,244.22 1 83
github.com/alexandre-daubois/ember/internal/model/state.go:244.22,246.3 1 49
github.com/alexandre-daubois/ember/internal/model/state.go:247.2,247.138 1 34
github.com/alexandre-daubois/ember/internal/model/state.go:247.138,249.3 1 3
github.com/alexandre-daubois/ember/internal/model/state.go:250.2,250.117 1 31
github.com/alexandre-daubois/ember/internal/model/state.go:250.117,252.3 1 1
github.com/alexandre-daubois/ember/internal/model/state.go:253.2,253.14 1 30
github.com/alexandre-daubois/ember/internal/model/state.go:261.68,262.22 1 77
github.com/alexandre-daubois/ember/internal/model/state.go:262.22,264.3 1 48
github.com/alexandre-daubois/ember/internal/model/state.go:266.2,267.56 2 29
github.com/alexandre-daubois/ember/internal/model/state.go:267.56,269.3 1 21
github.com/alexandre-daubois/ember/internal/model/state.go:271.2,271.57 1 29
github.com/alexandre-daubois/ember/internal/model/state.go:271.57,273.56 2 21
github.com/alexandre-daubois/ember/internal/model/state.go:273.56,274.12 1 13
github.com/alexandre-daubois/ember/internal/model/state.go:277.3,278.16 2 8
github.com/alexandre-daubois/ember/internal/model/state.go:278.16,284.44 2 7
github.com/alexandre-daubois/ember/internal/model/state.go:284.44,286.5 1 5
github.com/alexandre-daubois/ember/internal/model/state.go:287.4,288.55 2 7
github.com/alexandre-daubois/ember/internal/model/state.go:293.49,294.22 1 80
github.com/alexandre-daubois/ember/internal/model/state.go:294.22,296.3 1 0
github.com/alexandre-daubois/ember/internal/model/state.go:298.2,300.56 2 80
github.com/alexandre-daubois/ember/internal/model/state.go:300.56,301.15 1 48
github.com/alexandre-daubois/ember/internal/model/state.go:301.15,303.4 1 15
github.com/alexandre-daubois/ember/internal/model/state.go:303.9,303.25 1 33
github.com/alexandre-daubois/ember/internal/model/state.go:303.25,305.4 1 32
github.com/alexandre-daubois/ember/internal/model/state.go:308.2,308.46 1 80
github.com/alexandre-daubois/ember/internal/model/state.go:308.46,310.3 1 29
github.com/alexandre-daubois/ember/internal/model/state.go:314.2,314.116 1 80
github.com/alexandre-daubois/ember/internal/model/state.go:314.116,316.9 2 2
github.com/alexandre-daubois/ember/internal/model/state.go:316.9,322.4 5 2
github.com/alexandre-daubois/ember/internal/model/state.go:323.8,323.33 1 78
github.com/alexandre-daubois/ember/internal/model/state.go:323.33,325.9 2 78
github.com/alexandre-daubois/ember/internal/model/state.go:325.9,330.4 4 4
github.com/alexandre-daubois/ember/internal/model/state.go:333.2,333.23 1 80
github.com/alexandre-daubois/ember/internal/model/state.go:333.23,335.3 1 51
github.com/alexandre-daubois/ember/internal/model/state.go:337.2,338.14 2 29
github.com/alexandre-daubois/ember/internal/model/state.go:338.14,340.3 1 4
github.com/alexandre-daubois/ember/internal/model/state.go:343.2,344.46 2 25
github.com/alexandre-daubois/ember/internal/model/state.go:344.46,347.3 2 9
github.com/alexandre-daubois/ember/internal/model/state.go:348.2,348.47 1 25
github.com/alexandre-daubois/ember/internal/model/state.go:348.47,351.3 2 8
github.com/alexandre-daubois/ember/internal/model/state.go:354.2,354.70 1 25
github.com/alexandre-daubois/ember/internal/model/state.go:354.70,359.3 4 4
github.com/alexandre-daubois/ember/internal/model/state.go:363.2,363.38 1 25
github.com/alexandre-daubois/ember/internal/model/state.go:363.38,365.3 1 13
github.com/alexandre-daubois/ember/internal/model/state.go:367.2,370.20 3 12
github.com/alexandre-daubois/ember/internal/model/state.go:370.20,373.3 2 11
github.com/alexandre-daubois/ember/internal/model/state.go:375.2,376.21 2 12
github.com/alexandre-daubois/ember/internal/model/state.go:376.21,378.3 1 1
github.com/alexandre-daubois/ember/internal/model/state.go:380.2,380.10 1 12
github.com/alexandre-daubois/ember/internal/model/state.go:383.52,384.59 1 80
github.com/alexandre-daubois/ember/internal/model/state.go:384.59,386.3 1 56
github.com/alexandre-daubois/ember/internal/model/state.go:388.2,389.23 2 24
github.com/alexandre-daubois/ember/internal/model/state.go:389.23,391.3 1 8
github.com/alexandre-daubois/ember/internal/model/state.go:393.2,394.50 2 24
github.com/alexandre-daubois/ember/internal/model/state.go:394.50,401.33 2 25
github.com/alexandre-daubois/ember/internal/model/state.go:401.33,403.4 1 1
github.com/alexandre-daubois/ember/internal/model/state.go:404.3,404.32 1 25
github.com/alexandre-daubois/ember/internal/model/state.go:404.32,406.4 1 1
github.com/alexandre-daubois/ember/internal/model/state.go:408.3,408.37 1 25
github.com/alexandre-daubois/ember/internal/model/state.go:408.37,409.54 1 9
github.com/alexandre-daubois/ember/internal/model/state.go:409.54,412.23 3 8
github.com/alexandre-daubois/ember/internal/model/state.go:412.23,415.6 2 8
github.com/alexandre-daubois/ember/internal/model/state.go:417.5,418.24 2 8
github.com/alexandre-daubois/ember/internal/model/state.go:418.24,420.6 1 1
github.com/alexandre-daubois/ember/internal/model/state.go:422.5,425.71 3 8
github.com/alexandre-daubois/ember/internal/model/state.go:425.71,427.12 2 1
github.com/alexandre-daubois/ember/internal/model/state.go:427.12,433.7 5 1
github.com/alexandre-daubois/ember/internal/model/state.go:436.5,436.63 1 8
github.com/alexandre-daubois/ember/internal/model/state.go:436.63,438.12 2 1
github.com/alexandre-daubois/ember/internal/model/state.go:438.12,444.7 5 1
github.com/alexandre-daubois/ember/internal/model/state.go:449.3,449.30 1 25
github.com/alexandre-daubois/ember/internal/model/state.go:451.2,451.15 1 24
github.com/alexandre-daubois/ember/internal/model/state.go:454.87,455.31 1 13
github.com/alexandre-daubois/ember/internal/model/state.go:455.31,457.3 1 10
github.com/alexandre-daubois/ember/internal/model/state.go:458.2,459.38 2 3
github.com/alexandre-daubois/ember/internal/model/state.go:459.38,462.16 3 6
github.com/alexandre-daubois/ember/internal/model/state.go:462.16,464.4 1 5
github.com/alexandre-daubois/ember/internal/model/state.go:466.2,466.21 1 3
github.com/alexandre-daubois/ember/internal/model/state.go:466.21,468.3 1 1
github.com/alexandre-daubois/ember/internal/model/state.go:469.2,469.14 1 2
github.com/alexandre-daubois/ember/internal/model/state.go:472.85,473.31 1 13
github.com/alexandre-daubois/ember/internal/model/state.go:473.31,475.3 1 10
github.com/alexandre-daubois/ember/internal/model/state.go:476.2,477.36 2 3
github.com/alexandre-daubois/ember/internal/model/state.go:477.36,480.16 3 6
github.com/alexandre-daubois/ember/internal/model/state.go:480.16,482.4 1 5
github.com/alexandre-daubois/ember/internal/model/state.go:484.2,484.21 1 3
github.com/alexandre-daubois/ember/internal/model/state.go:484.21,486.3 1 1
github.com/alexandre-daubois/ember/internal/model/state.go:487.2,487.14 1 2
github.com/alexandre-daubois/ember/internal/model/state.go:490.43,495.9 4 4
github.com/alexandre-daubois/ember/internal/model/state.go:496.16,497.45 1 2
github.com/alexandre-daubois/ember/internal/model/state.go:498.17,499.45 1 1
github.com/alexandre-daubois/ember/internal/model/state.go:500.10,501.34 1 1
github.com/alexandre-daubois/ember/internal/ui/app.go:84.49,85.17 1 0
github.com/alexandre-daubois/ember/internal/ui/app.go:85.17,87.3 1 0
github.com/alexandre-daubois/ember/internal/ui/app.go:89.2,91.23 3 0
github.com/alexandre-daubois/ember/internal/ui/app.go:91.23,93.3 1 0
github.com/alexandre-daubois/ember/internal/ui/app.go:95.2,96.25 2 0
github.com/alexandre-daubois/ember/internal/ui/app.go:96.25,98.3 1 0
github.com/alexandre-daubois/ember/internal/ui/app.go:100.2,109.3 1 0
github.com/alexandre-daubois/ember/internal/ui/app.go:112.37,123.2 9 8
github.com/alexandre-daubois/ember/internal/ui/app.go:125.25,126.27 1 6
github.com/alexandre-daubois/ember/internal/ui/app.go:126.27,127.23 1 9
github.com/alexandre-daubois/ember/internal/ui/app.go:127.23,130.4 2 6
github.com/alexandre-daubois/ember/internal/ui/app.go:142.30,144.38 2 0
github.com/alexandre-daubois/ember/internal/ui/app.go:144.38,146.38 2 0
github.com/alexandre-daubois/ember/internal/ui/app.go:146.38,148.11 2 0
github.com/alexandre-daubois/ember/internal/ui/app.go:148.11,150.5 1 0
github.com/alexandre-daubois/ember/internal/ui/app.go:151.4,151.40 1 0
github.com/alexandre-daubois/ember/internal/ui/app.go:154.2,154.27 1 0
github.com/alexandre-daubois/ember/internal/ui/app.go:157.56,158.27 1 91
github.com/alexandre-daubois/ember/internal/ui/app.go:159.18,160.26 1 0
github.com/alexandre-daubois/ember/internal/ui/app.go:161.25,164.16 3 0
github.com/alexandre-daubois/ember/internal/ui/app.go:165.27,167.16 2 0
github.com/alexandre-daubois/ember/internal/ui/app.go:168.15,169.29 1 2
github.com/alexandre-daubois/ember/internal/ui/app.go:169.29,171.4 1 1
github.com/alexandre-daubois/ember/internal/ui/app.go:172.3,173.47 2 1
github.com/alexandre-daubois/ember/internal/ui/app.go:174.16,178.23 4 89
github.com/alexandre-daubois/ember/internal/ui/app.go:178.23,180.4 1 3
github.com/alexandre-daubois/ember/internal/ui/app.go:181.3,181.22 1 89
github.com/alexandre-daubois/ember/internal/ui/app.go:181.22,182.50 1 89
github.com/alexandre-daubois/ember/internal/ui/app.go:182.50,184.5 1 1
github.com/alexandre-daubois/ember/internal/ui/app.go:186.4,190.27 4 89
github.com/alexandre-daubois/ember/internal/ui/app.go:190.27,197.42 7 0
github.com/alexandre-daubois/ember/internal/ui/app.go:197.42,199.6 1 0
github.com/alexandre-daubois/ember/internal/ui/app.go:199.11,201.6 1 0
github.com/alexandre-daubois/ember/internal/ui/app.go:202.5,202.18 1 0
github.com/alexandre-daubois/ember/internal/ui/app.go:205.4,208.16 4 89
github.com/alexandre-daubois/ember/internal/ui/app.go:208.16,213.5 4 2
github.com/alexandre-daubois/ember/internal/ui/app.go:214.4,215.32 2 89
github.com/alexandre-daubois/ember/internal/ui/app.go:215.32,217.5 1 0
github.com/alexandre-daubois/ember/internal/ui/app.go:217.10,219.5 1 89
github.com/alexandre-daubois/ember/internal/ui/app.go:220.4,227.43 7 89
github.com/alexandre-daubois/ember/internal/ui/app.go:227.43,230.5 2 0
github.com/alexandre-daubois/ember/internal/ui/app.go:231.4,233.57 2 89
github.com/alexandre-daubois/ember/internal/ui/app.go:233.57,235.5 1 89
github.com/alexandre-daubois/ember/internal/ui/app.go:236.4,237.57 2 89
github.com/alexandre-daubois/ember/internal/ui/app.go:237.57,239.5 1 89
github.com/alexandre-daubois/ember/internal/ui/app.go:240.4,242.37 2 89
github.com/alexandre-daubois/ember/internal/ui/app.go:242.37,244.5 1 1
github.com/alexandre-daubois/ember/internal/ui/app.go:246.3,246.16 1 89
github.com/alexandre-daubois/ember/internal/ui/app.go:247.24,248.21 1 0
github.com/alexandre-daubois/ember/internal/ui/app.go:248.21,250.4 1 0
github.com/alexandre-daubois/ember/internal/ui/app.go:250.9,252.4 1 0
github.com/alexandre-daubois/ember/internal/ui/app.go:253.3,253.16 1 0
github.com/alexandre-daubois/ember/internal/ui/app.go:255.2,255.15 1 0
github.com/alexandre-daubois/ember/internal/ui/app.go:258.29,259.18 1 6
github.com/alexandre-daubois/ember/internal/ui/app.go:259.18,261.3 1 0
github.com/alexandre-daubois/ember/internal/ui/app.go:263.2,266.35 1 6
github.com/alexandre-daubois/ember/internal/ui/app.go:266.35,268.3 1 0
github.com/alexandre-daubois/ember/internal/ui/app.go:270.2,272.15 3 6
github.com/alexandre-daubois/ember/internal/ui/app.go:272.15,274.29 2 2
github.com/alexandre-daubois/ember/internal/ui/app.go:274.29,276.4 1 0
github.com/alexandre-daubois/ember/internal/ui/app.go:278.2,282.28 4 6
github.com/alexandre-daubois/ember/internal/ui/app.go:282.28,283.59 1 6
github.com/alexandre-daubois/ember/internal/ui/app.go:283.59,285.4 1 3
github.com/alexandre-daubois/ember/internal/ui/app.go:286.3,286.22 1 6
github.com/alexandre-daubois/ember/internal/ui/app.go:286.22,288.23 2 3
github.com/alexandre-daubois/ember/internal/ui/app.go:288.23,290.5 1 3
github.com/alexandre-daubois/ember/internal/ui/app.go:293.2,299.21 6 6
github.com/alexandre-daubois/ember/internal/ui/app.go:300.21,302.42 2 3
github.com/alexandre-daubois/ember/internal/ui/app.go:302.42,304.4 1 1
github.com/alexandre-daubois/ember/internal/ui/app.go:304.9,310.4 1 2
github.com/alexandre-daubois/ember/internal/ui/app.go:311.16,313.40 2 3
github.com/alexandre-daubois/ember/internal/ui/app.go:313.40,315.4 1 1
github.com/alexandre-daubois/ember/internal/ui/app.go:315.9,317.4 1 2
github.com/alexandre-daubois/ember/internal/ui/app.go:320.2,321.20 2 6
github.com/alexandre-daubois/ember/internal/ui/app.go:321.20,323.3 1 0
github.com/alexandre-daubois/ember/internal/ui/app.go:323.8,323.25 1 6
github.com/alexandre-daubois/ember/internal/ui/app.go:323.25,325.3 1 0
github.com/alexandre-daubois/ember/internal/ui/app.go:327.2,328.26 2 6
github.com/alexandre-daubois/ember/internal/ui/app.go:328.26,330.3 1 0
github.com/alexandre-daubois/ember/internal/ui/app.go:332.2,333.25 2 6
github.com/alexandre-daubois/ember/internal/ui/app.go:333.25,336.26 3 0
github.com/alexandre-daubois/ember/internal/ui/app.go:336.26,338.4 1 0
github.com/alexandre-daubois/ember/internal/ui/app.go:339.3,340.136 2 0
github.com/alexandre-daubois/ember/internal/ui/app.go:341.8,342.23 1 6
github.com/alexandre-daubois/ember/internal/ui/app.go:342.23,344.4 1 0
github.com/alexandre-daubois/ember/internal/ui/app.go:345.3,346.23 2 6
github.com/alexandre-daubois/ember/internal/ui/app.go:346.23,348.4 1 0
github.com/alexandre-daubois/ember/internal/ui/app.go:349.3,349.30 1 6
github.com/alexandre-daubois/ember/internal/ui/app.go:352.2,354.26 2 6
github.com/alexandre-daubois/ember/internal/ui/app.go:354.26,355.30 1 4
github.com/alexandre-daubois/ember/internal/ui/app.go:355.30,356.46 1 2
github.com/alexandre-daubois/ember/internal/ui/app.go:356.46,358.18 2 2
github.com/alexandre-daubois/ember/internal/ui/app.go:358.18,361.6 2 1
github.com/alexandre-daubois/ember/internal/ui/app.go:362.5,363.61 2 1
github.com/alexandre-daubois/ember/internal/ui/app.go:365.9,365.54 1 2
github.com/alexandre-daubois/ember/internal/ui/app.go:365.54,368.17 3 2
github.com/alexandre-daubois/ember/internal/ui/app.go:368.17,371.5 2 1
github.com/alexandre-daubois/ember/internal/ui/app.go:372.4,373.60 2 1
github.com/alexandre-daubois/ember/internal/ui/app.go:377.2,377.34 1 2
github.com/alexandre-daubois/ember/internal/ui/app.go:377.34,379.3 1 0
github.com/alexandre-daubois/ember/internal/ui/app.go:381.2,381.24 1 2
github.com/alexandre-daubois/ember/internal/ui/app.go:381.24,383.3 1 0
github.com/alexandre-daubois/ember/internal/ui/app.go:385.2,385.13 1 2
github.com/alexandre-daubois/ember/internal/ui/app.go:388.62,389.16 1 6
github.com/alexandre-daubois/ember/internal/ui/app.go:390.18,391.32 1 1
github.com/alexandre-daubois/ember/internal/ui/app.go:392.18,393.32 1 1
github.com/alexandre-daubois/ember/internal/ui/app.go:394.26,395.33 1 1
github.com/alexandre-daubois/ember/internal/ui/app.go:396.17,397.31 1 1
github.com/alexandre-daubois/ember/internal/ui/app.go:398.16,399.30 1 1
github.com/alexandre-daubois/ember/internal/ui/app.go:400.10,401.30 1 1
github.com/alexandre-daubois/ember/internal/ui/app.go:405.67,406.22 1 4
github.com/alexandre-daubois/ember/internal/ui/app.go:407.18,408.22 1 3
github.com/alexandre-daubois/ember/internal/ui/app.go:409.21,410.21 1 1
github.com/alexandre-daubois/ember/internal/ui/app.go:411.11,413.20 2 0
github.com/alexandre-daubois/ember/internal/ui/app.go:415.2,415.15 1 3
github.com/alexandre-daubois/ember/internal/ui/app.go:418.66,419.22 1 3
github.com/alexandre-daubois/ember/internal/ui/app.go:420.18,421.22 1 2
github.com/alexandre-daubois/ember/internal/ui/app.go:422.21,423.21 1 1
github.com/alexandre-daubois/ember/internal/ui/app.go:425.2,425.15 1 2
github.com/alexandre-daubois/ember/internal/ui/app.go:428.66,429.22 1 24
github.com/alexandre-daubois/ember/internal/ui/app.go:430.21,431.21 1 0
github.com/alexandre-daubois/ember/internal/ui/app.go:432.13,434.16 2 6
github.com/alexandre-daubois/ember/internal/ui/app.go:435.11,436.22 1 1
github.com/alexandre-daubois/ember/internal/ui/app.go:436.22,438.4 1 1
github.com/alexandre-daubois/ember/internal/ui/app.go:439.3,439.16 1 1
github.com/alexandre-daubois/ember/internal/ui/app.go:440.11,441.22 1 2
github.com/alexandre-daubois/ember/internal/ui/app.go:441.22,443.4 1 1
github.com/alexandre-daubois/ember/internal/ui/app.go:444.3,444.16 1 2
github.com/alexandre-daubois/ember/internal/ui/app.go:445.17,446.19 1 0
github.com/alexandre-daubois/ember/internal/ui/app.go:446.19,448.4 1 0
github.com/alexandre-daubois/ember/internal/ui/app.go:449.19,451.18 2 1
github.com/alexandre-daubois/ember/internal/ui/app.go:452.14,453.15 1 1
github.com/alexandre-daubois/ember/internal/ui/app.go:454.13,456.14 2 1
github.com/alexandre-daubois/ember/internal/ui/app.go:456.14,458.4 1 0
github.com/alexandre-daubois/ember/internal/ui/app.go:459.3,459.17 1 1
github.com/alexandre-daubois/ember/internal/ui/app.go:460.14,462.19 2 1
github.com/alexandre-daubois/ember/internal/ui/app.go:462.19,464.4 1 1
github.com/alexandre-daubois/ember/internal/ui/app.go:465.16,467.18 2 1
github.com/alexandre-daubois/ember/internal/ui/app.go:468.11,469.30 1 1
github.com/alexandre-daubois/ember/internal/ui/app.go:469.30,471.4 1 0
github.com/alexandre-daubois/ember/internal/ui/app.go:471.9,473.4 1 1
github.com/alexandre-daubois/ember/internal/ui/app.go:474.11,475.30 1 1
github.com/alexandre-daubois/ember/internal/ui/app.go:475.30,477.4 1 0
github.com/alexandre-daubois/ember/internal/ui/app.go:477.9,479.4 1 1
github.com/alexandre-daubois/ember/internal/ui/app.go:480.11,481.23 1 2
github.com/alexandre-daubois/ember/internal/ui/app.go:482.15,483.22 1 1
github.com/alexandre-daubois/ember/internal/ui/app.go:484.11,485.35 1 2
github.com/alexandre-daubois/ember/internal/ui/app.go:485.35,487.4 1 1
github.com/alexandre-daubois/ember/internal/ui/app.go:488.11,490.16 2 1
github.com/alexandre-daubois/ember/internal/ui/app.go:491.11,493.21 2 1
github.com/alexandre-daubois/ember/internal/ui/app.go:494.11,496.20 2 1
github.com/alexandre-daubois/ember/internal/ui/app.go:498.2,498.15 1 15
github.com/alexandre-daubois/ember/internal/ui/app.go:501.68,502.22 1 9
github.com/alexandre-daubois/ember/internal/ui/app.go:503.18,504.20 1 2
github.com/alexandre-daubois/ember/internal/ui/app.go:505.17,506.19 1 1
github.com/alexandre-daubois/ember/internal/ui/app.go:506.19,508.4 1 1
github.com/alexandre-daubois/ember/internal/ui/app.go:509.19,511.18 2 2
github.com/alexandre-daubois/ember/internal/ui/app.go:512.14,513.15 1 1
github.com/alexandre-daubois/ember/internal/ui/app.go:514.13,516.14 2 1
github.com/alexandre-daubois/ember/internal/ui/app.go:516.14,518.4 1 0
github.com/alexandre-daubois/ember/internal/ui/app.go:519.3,519.17 1 1
github.com/alexandre-daubois/ember/internal/ui/app.go:520.14,522.19 2 0
github.com/alexandre-daubois/ember/internal/ui/app.go:522.19,524.4 1 0
github.com/alexandre-daubois/ember/internal/ui/app.go:525.16,527.18 2 0
github.com/alexandre-daubois/ember/internal/ui/app.go:528.11,529.35 1 1
github.com/alexandre-daubois/ember/internal/ui/app.go:529.35,531.4 1 0
github.com/alexandre-daubois/ember/internal/ui/app.go:532.11,534.20 2 1
github.com/alexandre-daubois/ember/internal/ui/app.go:536.2,536.15 1 9
github.com/alexandre-daubois/ember/internal/ui/app.go:539.68,540.22 1 6
github.com/alexandre-daubois/ember/internal/ui/app.go:541.13,543.16 2 2
github.com/alexandre-daubois/ember/internal/ui/app.go:544.15,546.15 2 1
github.com/alexandre-daubois/ember/internal/ui/app.go:547.19,548.24 1 2
github.com/alexandre-daubois/ember/internal/ui/app.go:548.24,550.4 1 1
github.com/alexandre-daubois/ember/internal/ui/app.go:551.10,552.29 1 1
github.com/alexandre-daubois/ember/internal/ui/app.go:552.29,555.4 2 1
github.com/alexandre-daubois/ember/internal/ui/app.go:557.2,557.15 1 6
github.com/alexandre-daubois/ember/internal/ui/app.go:560.69,561.22 1 5
github.com/alexandre-daubois/ember/internal/ui/app.go:562.16,565.26 3 2
github.com/alexandre-daubois/ember/internal/ui/app.go:566.10,568.16 2 3
github.com/alexandre-daubois/ember/internal/ui/app.go:570.2,570.15 1 3
github.com/alexandre-daubois/ember/internal/ui/app.go:573.60,574.28 1 27
github.com/alexandre-daubois/ember/internal/ui/app.go:574.28,576.3 1 0
github.com/alexandre-daubois/ember/internal/ui/app.go:577.2,578.20 2 27
github.com/alexandre-daubois/ember/internal/ui/app.go:578.20,580.3 1 13
github.com/alexandre-daubois/ember/internal/ui/app.go:581.2,583.28 3 14
github.com/alexandre-daubois/ember/internal/ui/app.go:583.28,587.55 1 35
github.com/alexandre-daubois/ember/internal/ui/app.go:587.55,589.4 1 15
github.com/alexandre-daubois/ember/internal/ui/app.go:591.2,591.15 1 14
github.com/alexandre-daubois/ember/internal/ui/app.go:594.51,596.20 2 96
github.com/alexandre-daubois/ember/internal/ui/app.go:596.20,598.3 1 95
github.com/alexandre-daubois/ember/internal/ui/app.go:599.2,601.26 3 1
github.com/alexandre-daubois/ember/internal/ui/app.go:601.26,602.51 1 1
github.com/alexandre-daubois/ember/internal/ui/app.go:602.51,604.4 1 0
github.com/alexandre-daubois/ember/internal/ui/app.go:606.2,606.15 1 1
github.com/alexandre-daubois/ember/internal/ui/app.go:609.30,611.12 2 3
github.com/alexandre-daubois/ember/internal/ui/app.go:611.12,613.3 1 0
github.com/alexandre-daubois/ember/internal/ui/app.go:614.2,614.11 1 3
github.com/alexandre-daubois/ember/internal/ui/app.go:617.29,618.21 1 2
github.com/alexandre-daubois/ember/internal/ui/app.go:619.16,620.32 1 0
github.com/alexandre-daubois/ember/internal/ui/app.go:621.10,622.34 1 2
github.com/alexandre-daubois/ember/internal/ui/app.go:626.29,628.21 2 101
github.com/alexandre-daubois/ember/internal/ui/app.go:629.16,630.33 1 93
github.com/alexandre-daubois/ember/internal/ui/app.go:631.10,632.35 1 8
github.com/alexandre-daubois/ember/internal/ui/app.go:634.2,635.17 2 101
github.com/alexandre-daubois/ember/internal/ui/app.go:635.17,637.3 1 93
github.com/alexandre-daubois/ember/internal/ui/app.go:638.2,638.24 1 101
github.com/alexandre-daubois/ember/internal/ui/app.go:638.24,640.3 1 0
github.com/alexandre-daubois/ember/internal/ui/app.go:643.48,644.29 1 4
github.com/alexandre-daubois/ember/internal/ui/app.go:644.29,646.3 1 3
github.com/alexandre-daubois/ember/internal/ui/app.go:647.2,648.63 2 1
github.com/alexandre-daubois/ember/internal/ui/app.go:648.63,650.3 1 2
github.com/alexandre-daubois/ember/internal/ui/app.go:651.2,651.10 1 1
github.com/alexandre-daubois/ember/internal/ui/app.go:654.34,658.2 3 1
github.com/alexandre-daubois/ember/internal/ui/app.go:660.32,661.61 1 2
github.com/alexandre-daubois/ember/internal/ui/app.go:661.61,663.3 1 0
github.com/alexandre-daubois/ember/internal/ui/app.go:666.33,667.24 1 1
github.com/alexandre-daubois/ember/internal/ui/app.go:667.24,670.3 2 0
github.com/alexandre-daubois/ember/internal/ui/app.go:673.35,674.24 1 2
github.com/alexandre-daubois/ember/internal/ui/app.go:674.24,675.41 1 0
github.com/alexandre-daubois/ember/internal/ui/app.go:675.41,677.4 1 0
github.com/alexandre-daubois/ember/internal/ui/app.go:678.3,678.28 1 0
github.com/alexandre-daubois/ember/internal/ui/app.go:682.66,688.2 2 1
github.com/alexandre-daubois/ember/internal/ui/dashboard.go:13.151,14.16 1 10
github.com/alexandre-daubois/ember/internal/ui/dashboard.go:14.16,16.3 1 0
github.com/alexandre-daubois/ember/internal/ui/dashboard.go:17.2,17.22 1 10
github.com/alexandre-daubois/ember/internal/ui/dashboard.go:17.22,19.3 1 0
github.com/alexandre-daubois/ember/internal/ui/dashboard.go:21.2,30.11 7 10
github.com/alexandre-daubois/ember/internal/ui/dashboard.go:30.11,32.3 1 0
github.com/alexandre-daubois/ember/internal/ui/dashboard.go:33.2,33.12 1 10
github.com/alexandre-daubois/ember/internal/ui/dashboard.go:33.12,35.3 1 1
github.com/alexandre-daubois/ember/internal/ui/dashboard.go:37.2,38.51 2 10
github.com/alexandre-daubois/ember/internal/ui/dashboard.go:38.51,39.33 1 6
github.com/alexandre-daubois/ember/internal/ui/dashboard.go:39.33,40.12 1 0
github.com/alexandre-daubois/ember/internal/ui/dashboard.go:42.3,43.15 2 6
github.com/alexandre-daubois/ember/internal/ui/dashboard.go:43.15,45.4 1 2
github.com/alexandre-daubois/ember/internal/ui/dashboard.go:45.9,45.25 1 4
github.com/alexandre-daubois/ember/internal/ui/dashboard.go:45.25,47.4 1 2
github.com/alexandre-daubois/ember/internal/ui/dashboard.go:50.2,51.19 2 10
github.com/alexandre-daubois/ember/internal/ui/dashboard.go:51.19,54.28 3 3
github.com/alexandre-daubois/ember/internal/ui/dashboard.go:54.28,56.4 1 0
github.com/alexandre-daubois/ember/internal/ui/dashboard.go:57.3,57.43 1 3
github.com/alexandre-daubois/ember/internal/ui/dashboard.go:57.43,59.4 1 0
github.com/alexandre-daubois/ember/internal/ui/dashboard.go:60.8,62.20 2 7
github.com/alexandre-daubois/ember/internal/ui/dashboard.go:62.20,64.4 1 3
github.com/alexandre-daubois/ember/internal/ui/dashboard.go:66.2,67.24 2 10
github.com/alexandre-daubois/ember/internal/ui/dashboard.go:67.24,70.3 2 0
github.com/alexandre-daubois/ember/internal/ui/dashboard.go:71.2,72.13 2 10
github.com/alexandre-daubois/ember/internal/ui/dashboard.go:72.13,74.3 1 0
github.com/alexandre-daubois/ember/internal/ui/dashboard.go:75.2,79.9 3 10
github.com/alexandre-daubois/ember/internal/ui/dashboard.go:80.27,81.38 1 0
github.com/alexandre-daubois/ember/internal/ui/dashboard.go:82.26,83.36 1 0
github.com/alexandre-daubois/ember/internal/ui/dashboard.go:84.10,85.36 1 10
github.com/alexandre-daubois/ember/internal/ui/dashboard.go:87.2,94.15 6 10
github.com/alexandre-daubois/ember/internal/ui/dashboard.go:94.15,96.3 1 0
github.com/alexandre-daubois/ember/internal/ui/dashboard.go:97.2,98.9 2 10
github.com/alexandre-daubois/ember/internal/ui/dashboard.go:99.25,100.73 1 0
github.com/alexandre-daubois/ember/internal/ui/dashboard.go:101.24,102.71 1 0
github.com/alexandre-daubois/ember/internal/ui/dashboard.go:104.2,108.21 4 10
github.com/alexandre-daubois/ember/internal/ui/dashboard.go:108.21,111.3 2 1
github.com/alexandre-daubois/ember/internal/ui/dashboard.go:112.2,112.19 1 10
github.com/alexandre-daubois/ember/internal/ui/dashboard.go:112.19,114.34 2 3
github.com/alexandre-daubois/ember/internal/ui/dashboard.go:114.34,116.4 1 0
github.com/alexandre-daubois/ember/internal/ui/dashboard.go:117.3,117.47 1 3
github.com/alexandre-daubois/ember/internal/ui/dashboard.go:120.2,125.19 4 10
github.com/alexandre-daubois/ember/internal/ui/dashboard.go:125.19,137.3 7 3
github.com/alexandre-daubois/ember/internal/ui/dashboard.go:139.2,139.78 1 10
github.com/alexandre-daubois/ember/internal/ui/dashboard.go:139.78,141.3 1 4
github.com/alexandre-daubois/ember/internal/ui/dashboard.go:143.2,145.55 2 10
github.com/alexandre-daubois/ember/internal/ui/dashboard.go:148.62,149.33 1 7
github.com/alexandre-daubois/ember/internal/ui/dashboard.go:149.33,151.3 1 2
github.com/alexandre-daubois/ember/internal/ui/dashboard.go:152.2,162.24 6 5
github.com/alexandre-daubois/ember/internal/ui/dashboard.go:167.39,168.43 1 273
github.com/alexandre-daubois/ember/internal/ui/dashboard.go:168.43,170.3 1 18
github.com/alexandre-daubois/ember/internal/ui/dashboard.go:171.2,171.11 1 255
github.com/alexandre-daubois/ember/internal/ui/dashboard.go:174.65,176.28 2 5
github.com/alexandre-daubois/ember/internal/ui/dashboard.go:176.28,177.33 1 11
github.com/alexandre-daubois/ember/internal/ui/dashboard.go:177.33,179.4 1 3
github.com/alexandre-daubois/ember/internal/ui/dashboard.go:181.2,181.14 1 5
github.com/alexandre-daubois/ember/internal/ui/dashboard.go:184.34,185.17 1 27
github.com/alexandre-daubois/ember/internal/ui/dashboard.go:185.17,187.3 1 2
github.com/alexandre-daubois/ember/internal/ui/dashboard.go:188.2,188.34 1 25
github.com/alexandre-daubois/ember/internal/ui/dashboard.go:193.66,194.21 1 36
github.com/alexandre-daubois/ember/internal/ui/dashboard.go:194.21,196.3 1 31
github.com/alexandre-daubois/ember/internal/ui/dashboard.go:198.2,199.27 2 5
github.com/alexandre-daubois/ember/internal/ui/dashboard.go:199.27,200.17 1 28
github.com/alexandre-daubois/ember/internal/ui/dashboard.go:200.17,202.4 1 20
github.com/alexandre-daubois/ember/internal/ui/dashboard.go:205.2,207.27 3 5
github.com/alexandre-daubois/ember/internal/ui/dashboard.go:207.27,209.3 1 13
github.com/alexandre-daubois/ember/internal/ui/dashboard.go:210.2,210.27 1 5
github.com/alexandre-daubois/ember/internal/ui/dashboard.go:210.27,211.18 1 28
github.com/alexandre-daubois/ember/internal/ui/dashboard.go:211.18,213.12 2 4
github.com/alexandre-daubois/ember/internal/ui/dashboard.go:215.3,216.14 2 24
github.com/alexandre-daubois/ember/internal/ui/dashboard.go:216.14,218.4 1 0
github.com/alexandre-daubois/ember/internal/ui/dashboard.go:219.3,219.30 1 24
github.com/alexandre-daubois/ember/internal/ui/dashboard.go:219.30,221.4 1 0
github.com/alexandre-daubois/ember/internal/ui/dashboard.go:222.3,222.32 1 24
github.com/alexandre-daubois/ember/internal/ui/dashboard.go:224.2,224.19 1 5
github.com/alexandre-daubois/ember/internal/ui/dashboard.go:227.63,229.2 1 25
github.com/alexandre-daubois/ember/internal/ui/dashboard.go:231.66,246.2 10 2
github.com/alexandre-daubois/ember/internal/ui/detail.go:25.113,27.16 2 10
github.com/alexandre-daubois/ember/internal/ui/detail.go:27.16,29.3 1 0
github.com/alexandre-daubois/ember/internal/ui/detail.go:31.2,36.50 4 10
github.com/alexandre-daubois/ember/internal/ui/detail.go:36.50,38.26 2 2
github.com/alexandre-daubois/ember/internal/ui/detail.go:38.26,40.4 1 0
github.com/alexandre-daubois/ember/internal/ui/detail.go:41.3,41.50 1 2
github.com/alexandre-daubois/ember/internal/ui/detail.go:42.8,44.24 2 8
github.com/alexandre-daubois/ember/internal/ui/detail.go:44.24,46.4 1 1
github.com/alexandre-daubois/ember/internal/ui/detail.go:47.3,47.48 1 8
github.com/alexandre-daubois/ember/internal/ui/detail.go:50.2,53.67 3 10
github.com/alexandre-daubois/ember/internal/ui/detail.go:53.67,56.28 3 2
github.com/alexandre-daubois/ember/internal/ui/detail.go:56.28,58.4 1 2
github.com/alexandre-daubois/ember/internal/ui/detail.go:59.3,59.25 1 2
github.com/alexandre-daubois/ember/internal/ui/detail.go:59.25,62.4 2 2
github.com/alexandre-daubois/ember/internal/ui/detail.go:63.3,63.29 1 2
github.com/alexandre-daubois/ember/internal/ui/detail.go:63.29,66.4 2 0
github.com/alexandre-daubois/ember/internal/ui/detail.go:67.8,67.58 1 8
github.com/alexandre-daubois/ember/internal/ui/detail.go:67.58,71.3 3 1
github.com/alexandre-daubois/ember/internal/ui/detail.go:73.2,73.45 1 10
github.com/alexandre-daubois/ember/internal/ui/detail.go:73.45,76.24 3 5
github.com/alexandre-daubois/ember/internal/ui/detail.go:76.24,78.70 2 5
github.com/alexandre-daubois/ember/internal/ui/detail.go:78.70,80.5 1 1
github.com/alexandre-daubois/ember/internal/ui/detail.go:82.3,82.25 1 5
github.com/alexandre-daubois/ember/internal/ui/detail.go:82.25,84.4 1 2
github.com/alexandre-daubois/ember/internal/ui/detail.go:87.2,95.31 7 10
github.com/alexandre-daubois/ember/internal/ui/detail.go:95.31,97.3 1 10
github.com/alexandre-daubois/ember/internal/ui/detail.go:99.2,99.50 1 10
github.com/alexandre-daubois/ember/internal/ui/detail.go:102.58,103.9 1 13
github.com/alexandre-daubois/ember/internal/ui/detail.go:104.16,105.45 1 4
github.com/alexandre-daubois/ember/internal/ui/detail.go:106.19,107.45 1 7
github.com/alexandre-daubois/ember/internal/ui/detail.go:108.10,109.66 1 2
github.com/alexandre-daubois/ember/internal/ui/detail.go:113.52,116.19 3 49
github.com/alexandre-daubois/ember/internal/ui/detail.go:116.19,118.3 1 48
github.com/alexandre-daubois/ember/internal/ui/detail.go:119.2,119.36 1 49
github.com/alexandre-daubois/ember/internal/ui/detail.go:122.43,124.2 1 62
github.com/alexandre-daubois/ember/internal/ui/detail.go:126.45,127.9 1 9
github.com/alexandre-daubois/ember/internal/ui/detail.go:128.25,129.44 1 1
github.com/alexandre-daubois/ember/internal/ui/detail.go:130.22,131.41 1 1
github.com/alexandre-daubois/ember/internal/ui/detail.go:132.24,133.43 1 1
github.com/alexandre-daubois/ember/internal/ui/detail.go:134.27,135.43 1 1
github.com/alexandre-daubois/ember/internal/ui/detail.go:136.10,137.47 1 5
github.com/alexandre-daubois/ember/internal/ui/detail.go:141.63,142.38 1 8
github.com/alexandre-daubois/ember/internal/ui/detail.go:142.38,144.3 1 6
github.com/alexandre-daubois/ember/internal/ui/detail.go:145.2,145.19 1 2
github.com/alexandre-daubois/ember/internal/ui/detail.go:145.19,147.3 1 1
github.com/alexandre-daubois/ember/internal/ui/detail.go:149.2,150.26 2 2
github.com/alexandre-daubois/ember/internal/ui/detail.go:150.26,152.3 1 0
github.com/alexandre-daubois/ember/internal/ui/detail.go:154.2,156.29 3 2
github.com/alexandre-daubois/ember/internal/ui/detail.go:156.29,157.17 1 7
github.com/alexandre-daubois/ember/internal/ui/detail.go:157.17,159.4 1 0
github.com/alexandre-daubois/ember/internal/ui/detail.go:160.3,160.17 1 7
github.com/alexandre-daubois/ember/internal/ui/detail.go:160.17,162.4 1 7
github.com/alexandre-daubois/ember/internal/ui/detail.go:165.2,166.25 2 2
github.com/alexandre-daubois/ember/internal/ui/detail.go:166.25,167.23 1 9
github.com/alexandre-daubois/ember/internal/ui/detail.go:167.23,169.12 2 0
github.com/alexandre-daubois/ember/internal/ui/detail.go:171.3,172.14 2 9
github.com/alexandre-daubois/ember/internal/ui/detail.go:172.14,174.4 1 0
github.com/alexandre-daubois/ember/internal/ui/detail.go:175.3,175.30 1 9
github.com/alexandre-daubois/ember/internal/ui/detail.go:175.30,177.4 1 0
github.com/alexandre-daubois/ember/internal/ui/detail.go:178.3,178.32 1 9
github.com/alexandre-daubois/ember/internal/ui/detail.go:180.2,180.37 1 2
github.com/alexandre-daubois/ember/internal/ui/detail.go:183.49,184.24 1 5
github.com/alexandre-daubois/ember/internal/ui/detail.go:184.24,186.3 1 3
github.com/alexandre-daubois/ember/internal/ui/detail.go:187.2,187.16 1 2
github.com/alexandre-daubois/ember/internal/ui/detail.go:187.16,189.3 1 1
github.com/alexandre-daubois/ember/internal/ui/detail.go:190.2,190.31 1 1
github.com/alexandre-daubois/ember/internal/ui/detail.go:193.34,195.13 2 21
github.com/alexandre-daubois/ember/internal/ui/detail.go:195.13,197.3 1 14
github.com/alexandre-daubois/ember/internal/ui/detail.go:198.2,199.13 2 7
github.com/alexandre-daubois/ember/internal/ui/detail.go:199.13,201.3 1 5
github.com/alexandre-daubois/ember/internal/ui/detail.go:202.2,202.31 1 2
github.com/alexandre-daubois/ember/internal/ui/graph.go:20.108,26.19 2 5
github.com/alexandre-daubois/ember/internal/ui/graph.go:26.19,31.3 1 4
github.com/alexandre-daubois/ember/internal/ui/graph.go:33.2,36.38 3 5
github.com/alexandre-daubois/ember/internal/ui/graph.go:36.38,37.24 1 14
github.com/alexandre-daubois/ember/internal/ui/graph.go:37.24,42.4 1 9
github.com/alexandre-daubois/ember/internal/ui/graph.go:42.9,44.4 1 5
github.com/alexandre-daubois/ember/internal/ui/graph.go:47.2,47.54 1 5
github.com/alexandre-daubois/ember/internal/ui/graph.go:50.64,51.24 1 33
github.com/alexandre-daubois/ember/internal/ui/graph.go:51.24,53.3 1 6
github.com/alexandre-daubois/ember/internal/ui/graph.go:55.2,57.18 3 27
github.com/alexandre-daubois/ember/internal/ui/graph.go:57.18,59.3 1 18
github.com/alexandre-daubois/ember/internal/ui/graph.go:59.8,61.3 1 9
github.com/alexandre-daubois/ember/internal/ui/graph.go:63.2,64.21 2 27
github.com/alexandre-daubois/ember/internal/ui/graph.go:64.21,66.3 1 6
github.com/alexandre-daubois/ember/internal/ui/graph.go:68.2,69.28 2 27
github.com/alexandre-daubois/ember/internal/ui/graph.go:69.28,71.3 1 1
github.com/alexandre-daubois/ember/internal/ui/graph.go:73.2,74.25 2 27
github.com/alexandre-daubois/ember/internal/ui/graph.go:74.25,76.3 1 124
github.com/alexandre-daubois/ember/internal/ui/graph.go:78.2,79.29 2 27
github.com/alexandre-daubois/ember/internal/ui/graph.go:79.29,80.17 1 124
github.com/alexandre-daubois/ember/internal/ui/graph.go:80.17,82.4 1 117
github.com/alexandre-daubois/ember/internal/ui/graph.go:84.2,85.20 2 27
github.com/alexandre-daubois/ember/internal/ui/graph.go:85.20,87.3 1 1
github.com/alexandre-daubois/ember/internal/ui/graph.go:89.2,95.57 1 27
github.com/alexandre-daubois/ember/internal/ui/graph.go:95.57,97.4 1 486
github.com/alexandre-daubois/ember/internal/ui/graph.go:100.2,102.73 3 27
github.com/alexandre-daubois/ember/internal/ui/help.go:10.119,12.12 2 12
github.com/alexandre-daubois/ember/internal/ui/help.go:12.12,14.3 1 1
github.com/alexandre-daubois/ember/internal/ui/help.go:16.2,22.27 3 12
github.com/alexandre-daubois/ember/internal/ui/help.go:22.27,24.3 1 4
github.com/alexandre-daubois/ember/internal/ui/help.go:24.8,26.3 1 8
github.com/alexandre-daubois/ember/internal/ui/help.go:28.2,34.32 2 12
github.com/alexandre-daubois/ember/internal/ui/help.go:34.32,36.3 1 8
github.com/alexandre-daubois/ember/internal/ui/help.go:37.2,45.29 3 12
github.com/alexandre-daubois/ember/internal/ui/help.go:45.29,47.3 1 104
github.com/alexandre-daubois/ember/internal/ui/help.go:48.2,50.47 2 12
github.com/alexandre-daubois/ember/internal/ui/help.go:53.83,75.19 4 2
[...]
github.com/alexandre-daubois/ember/internal/fetcher/http.go:386.2,387.16 2 41
github.com/alexandre-daubois/ember/internal/fetcher/http.go:387.16,389.3 1 0
github.com/alexandre-daubois/ember/internal/fetcher/http.go:390.2,390.15 1 41
github.com/alexandre-daubois/ember/internal/fetcher/http.go:390.15,390.40 1 41
github.com/alexandre-daubois/ember/internal/fetcher/http.go:392.2,392.38 1 41
github.com/alexandre-daubois/ember/internal/fetcher/http.go:392.38,394.3 1 5
github.com/alexandre-daubois/ember/internal/fetcher/http.go:396.2,396.42 1 36
github.com/alexandre-daubois/ember/internal/fetcher/http.go:399.99,401.52 2 56
github.com/alexandre-daubois/ember/internal/fetcher/http.go:401.52,402.18 1 62
github.com/alexandre-daubois/ember/internal/fetcher/http.go:402.18,405.11 3 6
github.com/alexandre-daubois/ember/internal/fetcher/http.go:406.22,408.26 2 2
github.com/alexandre-daubois/ember/internal/fetcher/http.go:409.19,409.19 0 4
github.com/alexandre-daubois/ember/internal/fetcher/http.go:411.4,411.24 1 4
github.com/alexandre-daubois/ember/internal/fetcher/http.go:413.3,414.17 2 60
github.com/alexandre-daubois/ember/internal/fetcher/http.go:414.17,416.4 1 53
github.com/alexandre-daubois/ember/internal/fetcher/http.go:417.3,417.16 1 7
github.com/alexandre-daubois/ember/internal/fetcher/http.go:419.2,419.21 1 1
github.com/alexandre-daubois/ember/internal/fetcher/http.go:423.64,428.16 4 2
github.com/alexandre-daubois/ember/internal/fetcher/http.go:428.16,430.3 1 0
github.com/alexandre-daubois/ember/internal/fetcher/http.go:431.2,432.16 2 2
github.com/alexandre-daubois/ember/internal/fetcher/http.go:432.16,434.3 1 1
github.com/alexandre-daubois/ember/internal/fetcher/http.go:435.2,437.12 3 1
github.com/alexandre-daubois/ember/internal/fetcher/http.go:441.78,446.16 4 3
github.com/alexandre-daubois/ember/internal/fetcher/http.go:446.16,448.3 1 0
github.com/alexandre-daubois/ember/internal/fetcher/http.go:449.2,450.16 2 3
github.com/alexandre-daubois/ember/internal/fetcher/http.go:450.16,452.3 1 0
github.com/alexandre-daubois/ember/internal/fetcher/http.go:453.2,453.15 1 3
github.com/alexandre-daubois/ember/internal/fetcher/http.go:453.15,456.3 2 3
github.com/alexandre-daubois/ember/internal/fetcher/http.go:458.2,458.38 1 3
github.com/alexandre-daubois/ember/internal/fetcher/http.go:458.38,460.3 1 1
github.com/alexandre-daubois/ember/internal/fetcher/http.go:463.2,464.64 2 2
github.com/alexandre-daubois/ember/internal/fetcher/http.go:464.64,466.3 1 0
github.com/alexandre-daubois/ember/internal/fetcher/http.go:467.2,467.35 1 2
github.com/alexandre-daubois/ember/internal/fetcher/http.go:471.64,476.16 4 2
github.com/alexandre-daubois/ember/internal/fetcher/http.go:476.16,478.3 1 0
github.com/alexandre-daubois/ember/internal/fetcher/http.go:479.2,482.16 3 2
github.com/alexandre-daubois/ember/internal/fetcher/http.go:482.16,484.3 1 0
github.com/alexandre-daubois/ember/internal/fetcher/http.go:485.2,485.15 1 2
github.com/alexandre-daubois/ember/internal/fetcher/http.go:485.15,488.3 2 2
github.com/alexandre-daubois/ember/internal/fetcher/http.go:489.2,489.38 1 2
github.com/alexandre-daubois/ember/internal/fetcher/http.go:489.38,491.3 1 1
github.com/alexandre-daubois/ember/internal/fetcher/http.go:492.2,492.12 1 1
github.com/alexandre-daubois/ember/internal/fetcher/http.go:509.93,514.16 4 2
github.com/alexandre-daubois/ember/internal/fetcher/http.go:514.16,516.3 1 0
github.com/alexandre-daubois/ember/internal/fetcher/http.go:517.2,518.16 2 2
github.com/alexandre-daubois/ember/internal/fetcher/http.go:518.16,520.3 1 0
github.com/alexandre-daubois/ember/internal/fetcher/http.go:521.2,521.15 1 2
github.com/alexandre-daubois/ember/internal/fetcher/http.go:521.15,524.3 2 2
github.com/alexandre-daubois/ember/internal/fetcher/http.go:525.2,525.38 1 2
github.com/alexandre-daubois/ember/internal/fetcher/http.go:525.38,527.3 1 1
github.com/alexandre-daubois/ember/internal/fetcher/http.go:529.2,530.64 2 1
github.com/alexandre-daubois/ember/internal/fetcher/http.go:530.64,532.3 1 0
github.com/alexandre-daubois/ember/internal/fetcher/http.go:533.2,533.18 1 1
github.com/alexandre-daubois/ember/internal/fetcher/os.go:13.64,15.16 2 0
github.com/alexandre-daubois/ember/internal/fetcher/os.go:15.16,17.3 1 0
github.com/alexandre-daubois/ember/internal/fetcher/os.go:18.2,18.26 1 0
github.com/alexandre-daubois/ember/internal/fetcher/os.go:18.26,20.17 2 0
github.com/alexandre-daubois/ember/internal/fetcher/os.go:20.17,21.12 1 0
github.com/alexandre-daubois/ember/internal/fetcher/os.go:23.3,23.60 1 0
github.com/alexandre-daubois/ember/internal/fetcher/os.go:23.60,25.4 1 0
github.com/alexandre-daubois/ember/internal/fetcher/os.go:26.3,27.17 2 0
github.com/alexandre-daubois/ember/internal/fetcher/os.go:27.17,28.12 1 0
github.com/alexandre-daubois/ember/internal/fetcher/os.go:30.3,30.63 1 0
github.com/alexandre-daubois/ember/internal/fetcher/os.go:30.63,32.4 1 0
github.com/alexandre-daubois/ember/internal/fetcher/os.go:34.2,34.54 1 0
github.com/alexandre-daubois/ember/internal/fetcher/os.go:37.59,39.16 2 0
github.com/alexandre-daubois/ember/internal/fetcher/os.go:39.16,41.3 1 0
github.com/alexandre-daubois/ember/internal/fetcher/os.go:42.2,42.26 1 0
github.com/alexandre-daubois/ember/internal/fetcher/os.go:42.26,44.17 2 0
github.com/alexandre-daubois/ember/internal/fetcher/os.go:44.17,45.12 1 0
github.com/alexandre-daubois/ember/internal/fetcher/os.go:47.3,48.81 2 0
github.com/alexandre-daubois/ember/internal/fetcher/os.go:48.81,50.4 1 0
github.com/alexandre-daubois/ember/internal/fetcher/os.go:52.2,52.49 1 0
github.com/alexandre-daubois/ember/internal/fetcher/os.go:62.33,66.2 3 1
github.com/alexandre-daubois/ember/internal/fetcher/os.go:68.49,72.13 2 45
github.com/alexandre-daubois/ember/internal/fetcher/os.go:72.13,73.52 1 0
github.com/alexandre-daubois/ember/internal/fetcher/os.go:73.52,75.43 2 0
github.com/alexandre-daubois/ember/internal/fetcher/os.go:75.43,78.5 2 0
github.com/alexandre-daubois/ember/internal/fetcher/os.go:81.2,81.10 1 45
github.com/alexandre-daubois/ember/internal/fetcher/os.go:84.76,85.19 1 41
github.com/alexandre-daubois/ember/internal/fetcher/os.go:85.19,87.3 1 41
github.com/alexandre-daubois/ember/internal/fetcher/os.go:89.2,90.16 2 0
github.com/alexandre-daubois/ember/internal/fetcher/os.go:90.16,93.3 2 0
github.com/alexandre-daubois/ember/internal/fetcher/os.go:95.2,96.16 2 0
github.com/alexandre-daubois/ember/internal/fetcher/os.go:96.16,99.3 2 0
github.com/alexandre-daubois/ember/internal/fetcher/os.go:101.2,102.16 2 0
github.com/alexandre-daubois/ember/internal/fetcher/os.go:102.16,105.3 2 0
github.com/alexandre-daubois/ember/internal/fetcher/os.go:107.2,112.43 5 0
github.com/alexandre-daubois/ember/internal/fetcher/os.go:112.43,114.21 2 0
github.com/alexandre-daubois/ember/internal/fetcher/os.go:114.21,116.4 1 0
github.com/alexandre-daubois/ember/internal/fetcher/os.go:119.2,128.8 3 0
github.com/alexandre-daubois/ember/internal/fetcher/prometheus.go:14.76,15.15 1 77
github.com/alexandre-daubois/ember/internal/fetcher/prometheus.go:15.15,16.31 1 77
github.com/alexandre-daubois/ember/internal/fetcher/prometheus.go:16.31,19.4 2 0
github.com/alexandre-daubois/ember/internal/fetcher/prometheus.go:22.2,24.21 3 77
github.com/alexandre-daubois/ember/internal/fetcher/prometheus.go:24.21,26.3 1 1
github.com/alexandre-daubois/ember/internal/fetcher/prometheus.go:28.2,41.67 5 76
github.com/alexandre-daubois/ember/internal/fetcher/prometheus.go:41.67,41.83 1 16
github.com/alexandre-daubois/ember/internal/fetcher/prometheus.go:42.66,42.81 1 16
github.com/alexandre-daubois/ember/internal/fetcher/prometheus.go:43.67,43.83 1 16
github.com/alexandre-daubois/ember/internal/fetcher/prometheus.go:44.73,44.95 1 16
github.com/alexandre-daubois/ember/internal/fetcher/prometheus.go:45.74,45.97 1 16
github.com/alexandre-daubois/ember/internal/fetcher/prometheus.go:46.68,46.86 1 16
github.com/alexandre-daubois/ember/internal/fetcher/prometheus.go:47.69,47.88 1 16
github.com/alexandre-daubois/ember/internal/fetcher/prometheus.go:48.72,48.93 1 16
github.com/alexandre-daubois/ember/internal/fetcher/prometheus.go:51.2,51.31 1 76
github.com/alexandre-daubois/ember/internal/fetcher/prometheus.go:51.31,53.10 2 608
github.com/alexandre-daubois/ember/internal/fetcher/prometheus.go:53.10,54.12 1 544
github.com/alexandre-daubois/ember/internal/fetcher/prometheus.go:56.3,56.37 1 64
github.com/alexandre-daubois/ember/internal/fetcher/prometheus.go:56.37,58.20 2 128
github.com/alexandre-daubois/ember/internal/fetcher/prometheus.go:58.20,59.13 1 0
github.com/alexandre-daubois/ember/internal/fetcher/prometheus.go:61.4,62.33 2 128
github.com/alexandre-daubois/ember/internal/fetcher/prometheus.go:67.2,80.49 10 76
github.com/alexandre-daubois/ember/internal/fetcher/prometheus.go:80.49,82.25 2 3
github.com/alexandre-daubois/ember/internal/fetcher/prometheus.go:82.25,84.4 1 2
github.com/alexandre-daubois/ember/internal/fetcher/prometheus.go:85.3,95.4 1 3
github.com/alexandre-daubois/ember/internal/fetcher/prometheus.go:98.2,98.18 1 76
github.com/alexandre-daubois/ember/internal/fetcher/prometheus.go:101.77,103.9 2 152
github.com/alexandre-daubois/ember/internal/fetcher/prometheus.go:103.9,105.3 1 120
github.com/alexandre-daubois/ember/internal/fetcher/prometheus.go:106.2,107.36 2 32
github.com/alexandre-daubois/ember/internal/fetcher/prometheus.go:107.36,109.3 1 64
github.com/alexandre-daubois/ember/internal/fetcher/prometheus.go:110.2,110.14 1 32
github.com/alexandre-daubois/ember/internal/fetcher/prometheus.go:113.110,115.9 2 76
github.com/alexandre-daubois/ember/internal/fetcher/prometheus.go:115.9,117.3 1 53
github.com/alexandre-daubois/ember/internal/fetcher/prometheus.go:118.2,120.36 3 23
github.com/alexandre-daubois/ember/internal/fetcher/prometheus.go:120.36,121.38 1 43
github.com/alexandre-daubois/ember/internal/fetcher/prometheus.go:121.38,124.36 3 43
github.com/alexandre-daubois/ember/internal/fetcher/prometheus.go:124.36,126.5 1 85
github.com/alexandre-daubois/ember/internal/fetcher/prometheus.go:130.2,131.35 2 23
github.com/alexandre-daubois/ember/internal/fetcher/prometheus.go:131.35,133.3 1 46
github.com/alexandre-daubois/ember/internal/fetcher/prometheus.go:134.2,136.38 2 23
github.com/alexandre-daubois/ember/internal/fetcher/prometheus.go:139.45,140.58 1 63
github.com/alexandre-daubois/ember/internal/fetcher/prometheus.go:140.58,141.34 1 78
github.com/alexandre-daubois/ember/internal/fetcher/prometheus.go:141.34,143.4 1 21
github.com/alexandre-daubois/ember/internal/fetcher/prometheus.go:144.3,144.34 1 57
github.com/alexandre-daubois/ember/internal/fetcher/prometheus.go:144.34,146.4 1 56
github.com/alexandre-daubois/ember/internal/fetcher/prometheus.go:147.3,147.11 1 1
github.com/alexandre-daubois/ember/internal/fetcher/prometheus.go:151.78,153.38 2 533
github.com/alexandre-daubois/ember/internal/fetcher/prometheus.go:153.38,155.3 1 484
github.com/alexandre-daubois/ember/internal/fetcher/prometheus.go:156.2,156.40 1 49
github.com/alexandre-daubois/ember/internal/fetcher/prometheus.go:159.41,160.33 1 323
github.com/alexandre-daubois/ember/internal/fetcher/prometheus.go:160.33,162.3 1 119
github.com/alexandre-daubois/ember/internal/fetcher/prometheus.go:163.2,163.35 1 204
github.com/alexandre-daubois/ember/internal/fetcher/prometheus.go:163.35,165.3 1 203
github.com/alexandre-daubois/ember/internal/fetcher/prometheus.go:166.2,166.35 1 1
github.com/alexandre-daubois/ember/internal/fetcher/prometheus.go:166.35,168.3 1 0
github.com/alexandre-daubois/ember/internal/fetcher/prometheus.go:169.2,169.10 1 1
github.com/alexandre-daubois/ember/internal/fetcher/prometheus.go:172.52,173.33 1 477
github.com/alexandre-daubois/ember/internal/fetcher/prometheus.go:173.33,174.26 1 815
github.com/alexandre-daubois/ember/internal/fetcher/prometheus.go:174.26,176.4 1 310
github.com/alexandre-daubois/ember/internal/fetcher/prometheus.go:178.2,178.11 1 167
github.com/alexandre-daubois/ember/internal/fetcher/prometheus.go:181.95,183.9 2 3
github.com/alexandre-daubois/ember/internal/fetcher/prometheus.go:183.9,185.3 1 1
github.com/alexandre-daubois/ember/internal/fetcher/prometheus.go:186.2,187.36 2 2
github.com/alexandre-daubois/ember/internal/fetcher/prometheus.go:187.36,188.48 1 4
github.com/alexandre-daubois/ember/internal/fetcher/prometheus.go:188.48,189.48 1 3
github.com/alexandre-daubois/ember/internal/fetcher/prometheus.go:189.48,191.5 1 3
github.com/alexandre-daubois/ember/internal/fetcher/prometheus.go:194.2,194.21 1 2
github.com/alexandre-daubois/ember/internal/fetcher/prometheus.go:194.21,196.3 1 1
github.com/alexandre-daubois/ember/internal/fetcher/prometheus.go:197.2,197.14 1 1
github.com/alexandre-daubois/ember/internal/fetcher/prometheus.go:200.99,202.9 2 2
github.com/alexandre-daubois/ember/internal/fetcher/prometheus.go:202.9,204.3 1 0
github.com/alexandre-daubois/ember/internal/fetcher/prometheus.go:205.2,206.36 2 2
github.com/alexandre-daubois/ember/internal/fetcher/prometheus.go:206.36,208.15 2 3
github.com/alexandre-daubois/ember/internal/fetcher/prometheus.go:208.15,209.12 1 0
github.com/alexandre-daubois/ember/internal/fetcher/prometheus.go:211.3,211.48 1 3
github.com/alexandre-daubois/ember/internal/fetcher/prometheus.go:211.48,212.48 1 2
github.com/alexandre-daubois/ember/internal/fetcher/prometheus.go:212.48,214.5 1 2
github.com/alexandre-daubois/ember/internal/fetcher/prometheus.go:217.2,217.21 1 2
github.com/alexandre-daubois/ember/internal/fetcher/prometheus.go:217.21,219.3 1 1
github.com/alexandre-daubois/ember/internal/fetcher/prometheus.go:220.2,220.14 1 1
github.com/alexandre-daubois/ember/internal/fetcher/prometheus.go:223.41,224.41 1 132
github.com/alexandre-daubois/ember/internal/fetcher/prometheus.go:224.41,226.3 1 44
github.com/alexandre-daubois/ember/internal/fetcher/prometheus.go:227.2,227.32 1 88
github.com/alexandre-daubois/ember/internal/fetcher/prometheus.go:230.84,233.48 2 76
github.com/alexandre-daubois/ember/internal/fetcher/prometheus.go:233.48,235.10 2 124
github.com/alexandre-daubois/ember/internal/fetcher/prometheus.go:235.10,238.4 2 35
github.com/alexandre-daubois/ember/internal/fetcher/prometheus.go:239.3,239.12 1 124
github.com/alexandre-daubois/ember/internal/fetcher/prometheus.go:242.2,243.58 2 76
github.com/alexandre-daubois/ember/internal/fetcher/prometheus.go:243.58,244.37 1 24
github.com/alexandre-daubois/ember/internal/fetcher/prometheus.go:244.37,246.18 2 53
github.com/alexandre-daubois/ember/internal/fetcher/prometheus.go:246.18,247.13 1 4
github.com/alexandre-daubois/ember/internal/fetcher/prometheus.go:249.4,252.49 4 49
github.com/alexandre-daubois/ember/internal/fetcher/prometheus.go:252.49,253.49 1 30
github.com/alexandre-daubois/ember/internal/fetcher/prometheus.go:253.49,256.6 2 30
github.com/alexandre-daubois/ember/internal/fetcher/prometheus.go:258.4,258.55 1 49
github.com/alexandre-daubois/ember/internal/fetcher/prometheus.go:258.55,260.5 1 5
github.com/alexandre-daubois/ember/internal/fetcher/prometheus.go:264.2,265.68 2 76
github.com/alexandre-daubois/ember/internal/fetcher/prometheus.go:265.68,266.37 1 23
github.com/alexandre-daubois/ember/internal/fetcher/prometheus.go:266.37,268.18 2 43
github.com/alexandre-daubois/ember/internal/fetcher/prometheus.go:268.18,269.13 1 4
github.com/alexandre-daubois/ember/internal/fetcher/prometheus.go:271.4,272.16 2 39
github.com/alexandre-daubois/ember/internal/fetcher/prometheus.go:272.16,273.13 1 0
github.com/alexandre-daubois/ember/internal/fetcher/prometheus.go:275.4,279.36 4 39
github.com/alexandre-daubois/ember/internal/fetcher/prometheus.go:279.36,280.50 1 24
github.com/alexandre-daubois/ember/internal/fetcher/prometheus.go:280.50,281.50 1 18
github.com/alexandre-daubois/ember/internal/fetcher/prometheus.go:281.50,283.7 1 18
github.com/alexandre-daubois/ember/internal/fetcher/prometheus.go:287.4,287.31 1 39
github.com/alexandre-daubois/ember/internal/fetcher/prometheus.go:287.31,289.5 1 33
github.com/alexandre-daubois/ember/internal/fetcher/prometheus.go:290.4,290.36 1 39
github.com/alexandre-daubois/ember/internal/fetcher/prometheus.go:290.36,292.5 1 79
github.com/alexandre-daubois/ember/internal/fetcher/prometheus.go:296.2,296.35 1 76
github.com/alexandre-daubois/ember/internal/fetcher/prometheus.go:296.35,299.29 3 33
github.com/alexandre-daubois/ember/internal/fetcher/prometheus.go:299.29,301.4 1 67
github.com/alexandre-daubois/ember/internal/fetcher/prometheus.go:302.3,302.34 1 33
github.com/alexandre-daubois/ember/internal/fetcher/prometheus.go:305.2,306.69 2 76
github.com/alexandre-daubois/ember/internal/fetcher/prometheus.go:306.69,307.37 1 1
github.com/alexandre-daubois/ember/internal/fetcher/prometheus.go:307.37,309.18 2 2
github.com/alexandre-daubois/ember/internal/fetcher/prometheus.go:309.18,310.13 1 0
github.com/alexandre-daubois/ember/internal/fetcher/prometheus.go:312.4,313.16 2 2
github.com/alexandre-daubois/ember/internal/fetcher/prometheus.go:313.16,314.13 1 0
github.com/alexandre-daubois/ember/internal/fetcher/prometheus.go:316.4,320.35 4 2
github.com/alexandre-daubois/ember/internal/fetcher/prometheus.go:320.35,322.5 1 2
github.com/alexandre-daubois/ember/internal/fetcher/prometheus.go:323.4,323.36 1 2
github.com/alexandre-daubois/ember/internal/fetcher/prometheus.go:323.36,325.5 1 6
github.com/alexandre-daubois/ember/internal/fetcher/prometheus.go:329.2,329.39 1 76
github.com/alexandre-daubois/ember/internal/fetcher/prometheus.go:329.39,332.29 3 2
github.com/alexandre-daubois/ember/internal/fetcher/prometheus.go:332.29,334.4 1 6
github.com/alexandre-daubois/ember/internal/fetcher/prometheus.go:335.3,335.30 1 2
github.com/alexandre-daubois/ember/internal/fetcher/prometheus.go:338.2,338.63 1 76
github.com/alexandre-daubois/ember/internal/fetcher/prometheus.go:338.63,339.37 1 1
github.com/alexandre-daubois/ember/internal/fetcher/prometheus.go:339.37,341.18 2 2
github.com/alexandre-daubois/ember/internal/fetcher/prometheus.go:341.18,342.13 1 0
github.com/alexandre-daubois/ember/internal/fetcher/prometheus.go:344.4,345.16 2 2
github.com/alexandre-daubois/ember/internal/fetcher/prometheus.go:345.16,346.13 1 0
github.com/alexandre-daubois/ember/internal/fetcher/prometheus.go:348.4,350.55 3 2
github.com/alexandre-daubois/ember/internal/fetcher/prometheus.go:354.2,354.62 1 76
github.com/alexandre-daubois/ember/internal/fetcher/prometheus.go:354.62,355.37 1 1
github.com/alexandre-daubois/ember/internal/fetcher/prometheus.go:355.37,357.18 2 2
github.com/alexandre-daubois/ember/internal/fetcher/prometheus.go:357.18,358.13 1 0
github.com/alexandre-daubois/ember/internal/fetcher/prometheus.go:360.4,361.16 2 2
github.com/alexandre-daubois/ember/internal/fetcher/prometheus.go:361.16,362.13 1 0
github.com/alexandre-daubois/ember/internal/fetcher/prometheus.go:364.4,366.54 3 2
github.com/alexandre-daubois/ember/internal/fetcher/prometheus.go:370.2,370.64 1 76
github.com/alexandre-daubois/ember/internal/fetcher/prometheus.go:370.64,371.37 1 8
github.com/alexandre-daubois/ember/internal/fetcher/prometheus.go:371.37,373.18 2 11
github.com/alexandre-daubois/ember/internal/fetcher/prometheus.go:373.18,374.13 1 0
github.com/alexandre-daubois/ember/internal/fetcher/prometheus.go:376.4,376.51 1 11
github.com/alexandre-daubois/ember/internal/fetcher/prometheus.go:380.2,380.62 1 76
github.com/alexandre-daubois/ember/internal/fetcher/prometheus.go:380.62,381.37 1 12
github.com/alexandre-daubois/ember/internal/fetcher/prometheus.go:381.37,383.18 2 19
github.com/alexandre-daubois/ember/internal/fetcher/prometheus.go:383.18,384.13 1 0
github.com/alexandre-daubois/ember/internal/fetcher/prometheus.go:386.4,386.48 1 19
github.com/alexandre-daubois/ember/internal/fetcher/prometheus.go:390.2,390.14 1 76
github.com/alexandre-daubois/ember/internal/fetcher/prometheus.go:393.73,395.9 2 128
github.com/alexandre-daubois/ember/internal/fetcher/prometheus.go:395.9,398.3 2 16
github.com/alexandre-daubois/ember/internal/fetcher/prometheus.go:399.2,399.11 1 128
